

> docs@1.0.0 build /Users/KhulnaSoft/gitexc/docs/.vuepress
> pnpm run docs:build


> docs@1.0.0 docs:build /Users/KhulnaSoft/gitexc/docs/.vuepress
> vuepress build ..

node:internal/modules/esm/resolve:204
  const resolvedOption = FSLegacyMainResolve(pkgPath, packageConfig.main, baseStringified);
                         ^

Error: Cannot find package '/Users/KhulnaSoft/gitexc/node_modules/.pnpm/vuepress@2.0.0-rc.26_@vuepress+bundler-webpack@2.0.0-rc.26_typescript@5.9.3_vue@3.5.25/node_modules/@vuepress/cli/index.js' imported from /Users/KhulnaSoft/gitexc/node_modules/.pnpm/vuepress@2.0.0-rc.26_@vuepress+bundler-webpack@2.0.0-rc.26_typescript@5.9.3_vue@3.5.25/node_modules/vuepress/bin/vuepress.js
[90m    at legacyMainResolve (node:internal/modules/esm/resolve:204:26)[39m
[90m    at packageResolve (node:internal/modules/esm/resolve:846:14)[39m
[90m    at moduleResolve (node:internal/modules/esm/resolve:926:18)[39m
[90m    at defaultResolve (node:internal/modules/esm/resolve:1056:11)[39m
[90m    at ModuleLoader.defaultResolve (node:internal/modules/esm/loader:654:12)[39m
[90m    at #cachedDefaultResolve (node:internal/modules/esm/loader:603:25)[39m
[90m    at ModuleLoader.resolve (node:internal/modules/esm/loader:586:38)[39m
[90m    at ModuleLoader.getModuleJobForImport (node:internal/modules/esm/loader:242:38)[39m
[90m    at ModuleJob._link (node:internal/modules/esm/module_job:135:49)[39m {
  code: [32m'ERR_MODULE_NOT_FOUND'[39m
}

Node.js v22.13.1
[41m[30m ELIFECYCLE [39m[49m [31mCommand failed with exit code 1.[39m
[41m[30m ELIFECYCLE [39m[49m [31mCommand failed with exit code 1.[39m
