
> docs@1.0.0 build /Users/KhulnaSoft/gitexc/docs/.vuepress
> pnpm run docs:build


> docs@1.0.0 docs:build /Users/KhulnaSoft/gitexc/docs/.vuepress
> vuepress build ..

- Initializing and preparing data
✔ Initializing and preparing data - done in 183ms
- Compiling with webpack
{
  moduleIdentifier: 'javascript/esm|/Users/KhulnaSoft/gitexc/node_modules/.pnpm/@vuepress+plugin-theme-data@2.0.0-rc.7_typescript@5.9.3_vuepress@2.0.0-rc.7/node_modules/@vuepress/plugin-theme-data/lib/client/config.js',
  moduleName: '../../node_modules/.pnpm/@vuepress+plugin-theme-data@2.0.0-rc.7_typescript@5.9.3_vuepress@2.0.0-rc.7/node_modules/@vuepress/plugin-theme-data/lib/client/config.js',
  loc: '9:50-67',
  message: "export 'routeLocaleSymbol' (imported as 'routeLocaleSymbol') was not found in 'vuepress/client' (possible exports: ClientOnly, Content, RouteLink, clientDataSymbol, defineClientConfig, resolveRoute, resolveRoutePath, resolvers, updateHeadSymbol, useClientData, useLayouts, usePageComponent, usePageData, usePageFrontmatter, usePageHead, usePageLang, usePageLayout, useRedirects, useRoute, useRouteLocale, useRoutePath, useRouter, useRoutes, useSiteData, useSiteLocaleData, useUpdateHead, withBase)",
  moduleId: 576,
  moduleTrace: [
    {
      originIdentifier: 'javascript/esm|/Users/KhulnaSoft/gitexc/docs/.vuepress/.temp/internal/clientConfigs.js',
      originName: './.temp/internal/clientConfigs.js',
      moduleIdentifier: 'javascript/esm|/Users/KhulnaSoft/gitexc/node_modules/.pnpm/@vuepress+plugin-theme-data@2.0.0-rc.7_typescript@5.9.3_vuepress@2.0.0-rc.7/node_modules/@vuepress/plugin-theme-data/lib/client/config.js',
      moduleName: '../../node_modules/.pnpm/@vuepress+plugin-theme-data@2.0.0-rc.7_typescript@5.9.3_vuepress@2.0.0-rc.7/node_modules/@vuepress/plugin-theme-data/lib/client/config.js',
      dependencies: [Array],
      originId: 255,
      moduleId: 576
    },
    {
      originIdentifier: 'javascript/esm|/Users/KhulnaSoft/gitexc/node_modules/.pnpm/@vuepress+client@2.0.0-rc.7_typescript@5.9.3/node_modules/@vuepress/client/dist/app.js',
      originName: '../../node_modules/.pnpm/@vuepress+client@2.0.0-rc.7_typescript@5.9.3/node_modules/@vuepress/client/dist/app.js',
      moduleIdentifier: 'javascript/esm|/Users/KhulnaSoft/gitexc/docs/.vuepress/.temp/internal/clientConfigs.js',
      moduleName: './.temp/internal/clientConfigs.js',
      dependencies: [Array],
      originId: 915,
      moduleId: 255
    }
  ],
  details: undefined,
  stack: '    at HarmonyImportSpecifierDependency.getLinkingErrors (/Users/KhulnaSoft/gitexc/node_modules/.pnpm/webpack@5.103.0/node_modules/webpack/lib/dependencies/HarmonyImportDependency.js:218:8)\n' +
    '    at HarmonyImportSpecifierDependency._getErrors (/Users/KhulnaSoft/gitexc/node_modules/.pnpm/webpack@5.103.0/node_modules/webpack/lib/dependencies/HarmonyImportSpecifierDependency.js:267:15)\n' +
    '    at HarmonyImportSpecifierDependency.getErrors (/Users/KhulnaSoft/gitexc/node_modules/.pnpm/webpack@5.103.0/node_modules/webpack/lib/dependencies/HarmonyImportSpecifierDependency.js:256:16)\n' +
    '    at Compilation.reportDependencyErrorsAndWarnings (/Users/KhulnaSoft/gitexc/node_modules/.pnpm/webpack@5.103.0/node_modules/webpack/lib/Compilation.js:3537:22)\n' +
    '    at /Users/KhulnaSoft/gitexc/node_modules/.pnpm/webpack@5.103.0/node_modules/webpack/lib/Compilation.js:3094:28\n' +
    '    at _next2 (eval at create (/Users/KhulnaSoft/gitexc/node_modules/.pnpm/tapable@2.3.0/node_modules/tapable/lib/HookCodeFactory.js:31:10), <anonymous>:25:1)\n' +
    '    at eval (eval at create (/Users/KhulnaSoft/gitexc/node_modules/.pnpm/tapable@2.3.0/node_modules/tapable/lib/HookCodeFactory.js:31:10), <anonymous>:52:1)\n' +
    '    at /Users/KhulnaSoft/gitexc/node_modules/.pnpm/webpack@5.103.0/node_modules/webpack/lib/FlagDependencyExportsPlugin.js:404:10\n' +
    '    at /Users/KhulnaSoft/gitexc/node_modules/.pnpm/neo-async@2.6.2/node_modules/neo-async/async.js:2830:7\n' +
    '    at Object.each (/Users/KhulnaSoft/gitexc/node_modules/.pnpm/neo-async@2.6.2/node_modules/neo-async/async.js:2857:9)\n' +
    '\n' +
    "ModuleDependencyError: export 'routeLocaleSymbol' (imported as 'routeLocaleSymbol') was not found in 'vuepress/client' (possible exports: ClientOnly, Content, RouteLink, clientDataSymbol, defineClientConfig, resolveRoute, resolveRoutePath, resolvers, updateHeadSymbol, useClientData, useLayouts, usePageComponent, usePageData, usePageFrontmatter, usePageHead, usePageLang, usePageLayout, useRedirects, useRoute, useRouteLocale, useRoutePath, useRouter, useRoutes, useSiteData, useSiteLocaleData, useUpdateHead, withBase)\n" +
    '    at Compilation.reportDependencyErrorsAndWarnings (/Users/KhulnaSoft/gitexc/node_modules/.pnpm/webpack@5.103.0/node_modules/webpack/lib/Compilation.js:3540:21)\n' +
    '    at /Users/KhulnaSoft/gitexc/node_modules/.pnpm/webpack@5.103.0/node_modules/webpack/lib/Compilation.js:3094:28\n' +
    '    at _next2 (eval at create (/Users/KhulnaSoft/gitexc/node_modules/.pnpm/tapable@2.3.0/node_modules/tapable/lib/HookCodeFactory.js:31:10), <anonymous>:25:1)\n' +
    '    at eval (eval at create (/Users/KhulnaSoft/gitexc/node_modules/.pnpm/tapable@2.3.0/node_modules/tapable/lib/HookCodeFactory.js:31:10), <anonymous>:52:1)\n' +
    '    at /Users/KhulnaSoft/gitexc/node_modules/.pnpm/webpack@5.103.0/node_modules/webpack/lib/FlagDependencyExportsPlugin.js:404:10\n' +
    '    at /Users/KhulnaSoft/gitexc/node_modules/.pnpm/neo-async@2.6.2/node_modules/neo-async/async.js:2830:7\n' +
    '    at Object.each (/Users/KhulnaSoft/gitexc/node_modules/.pnpm/neo-async@2.6.2/node_modules/neo-async/async.js:2857:9)\n' +
    '    at /Users/KhulnaSoft/gitexc/node_modules/.pnpm/webpack@5.103.0/node_modules/webpack/lib/FlagDependencyExportsPlugin.js:374:17\n' +
    '    at /Users/KhulnaSoft/gitexc/node_modules/.pnpm/neo-async@2.6.2/node_modules/neo-async/async.js:2830:7\n' +
    '    at done (/Users/KhulnaSoft/gitexc/node_modules/.pnpm/neo-async@2.6.2/node_modules/neo-async/async.js:2865:11)',
  compilerPath: undefined
}
{
  moduleIdentifier: 'javascript/esm|/Users/KhulnaSoft/gitexc/node_modules/.pnpm/@vuepress+plugin-theme-data@2.0.0-rc.7_typescript@5.9.3_vuepress@2.0.0-rc.7/node_modules/@vuepress/plugin-theme-data/lib/client/config.js',
  moduleName: '../../node_modules/.pnpm/@vuepress+plugin-theme-data@2.0.0-rc.7_typescript@5.9.3_vuepress@2.0.0-rc.7/node_modules/@vuepress/plugin-theme-data/lib/client/config.js',
  loc: '9:50-67',
  message: "export 'routeLocaleSymbol' (imported as 'routeLocaleSymbol') was not found in 'vuepress/client' (possible exports: ClientOnly, Content, RouteLink, clientDataSymbol, defineClientConfig, resolveRoute, resolveRoutePath, resolvers, updateHeadSymbol, useClientData, useLayouts, usePageComponent, usePageData, usePageFrontmatter, usePageHead, usePageLang, usePageLayout, useRedirects, useRoute, useRouteLocale, useRoutePath, useRouter, useRoutes, useSiteData, useSiteLocaleData, useUpdateHead, withBase)",
  moduleId: null,
  moduleTrace: [
    {
      originIdentifier: 'javascript/esm|/Users/KhulnaSoft/gitexc/docs/.vuepress/.temp/internal/clientConfigs.js',
      originName: './.temp/internal/clientConfigs.js',
      moduleIdentifier: 'javascript/esm|/Users/KhulnaSoft/gitexc/node_modules/.pnpm/@vuepress+plugin-theme-data@2.0.0-rc.7_typescript@5.9.3_vuepress@2.0.0-rc.7/node_modules/@vuepress/plugin-theme-data/lib/client/config.js',
      moduleName: '../../node_modules/.pnpm/@vuepress+plugin-theme-data@2.0.0-rc.7_typescript@5.9.3_vuepress@2.0.0-rc.7/node_modules/@vuepress/plugin-theme-data/lib/client/config.js',
      dependencies: [Array],
      originId: null,
      moduleId: null
    },
    {
      originIdentifier: 'javascript/esm|/Users/KhulnaSoft/gitexc/node_modules/.pnpm/@vuepress+client@2.0.0-rc.7_typescript@5.9.3/node_modules/@vuepress/client/dist/app.js',
      originName: '../../node_modules/.pnpm/@vuepress+client@2.0.0-rc.7_typescript@5.9.3/node_modules/@vuepress/client/dist/app.js',
      moduleIdentifier: 'javascript/esm|/Users/KhulnaSoft/gitexc/docs/.vuepress/.temp/internal/clientConfigs.js',
      moduleName: './.temp/internal/clientConfigs.js',
      dependencies: [Array],
      originId: null,
      moduleId: null
    }
  ],
  details: undefined,
  stack: '    at HarmonyImportSpecifierDependency.getLinkingErrors (/Users/KhulnaSoft/gitexc/node_modules/.pnpm/webpack@5.103.0/node_modules/webpack/lib/dependencies/HarmonyImportDependency.js:218:8)\n' +
    '    at HarmonyImportSpecifierDependency._getErrors (/Users/KhulnaSoft/gitexc/node_modules/.pnpm/webpack@5.103.0/node_modules/webpack/lib/dependencies/HarmonyImportSpecifierDependency.js:267:15)\n' +
    '    at HarmonyImportSpecifierDependency.getErrors (/Users/KhulnaSoft/gitexc/node_modules/.pnpm/webpack@5.103.0/node_modules/webpack/lib/dependencies/HarmonyImportSpecifierDependency.js:256:16)\n' +
    '    at Compilation.reportDependencyErrorsAndWarnings (/Users/KhulnaSoft/gitexc/node_modules/.pnpm/webpack@5.103.0/node_modules/webpack/lib/Compilation.js:3537:22)\n' +
    '    at /Users/KhulnaSoft/gitexc/node_modules/.pnpm/webpack@5.103.0/node_modules/webpack/lib/Compilation.js:3094:28\n' +
    '    at _next2 (eval at create (/Users/KhulnaSoft/gitexc/node_modules/.pnpm/tapable@2.3.0/node_modules/tapable/lib/HookCodeFactory.js:31:10), <anonymous>:34:1)\n' +
    '    at eval (eval at create (/Users/KhulnaSoft/gitexc/node_modules/.pnpm/tapable@2.3.0/node_modules/tapable/lib/HookCodeFactory.js:31:10), <anonymous>:62:1)\n' +
    '    at /Users/KhulnaSoft/gitexc/node_modules/.pnpm/webpack@5.103.0/node_modules/webpack/lib/FlagDependencyExportsPlugin.js:404:10\n' +
    '    at /Users/KhulnaSoft/gitexc/node_modules/.pnpm/neo-async@2.6.2/node_modules/neo-async/async.js:2830:7\n' +
    '    at Object.each (/Users/KhulnaSoft/gitexc/node_modules/.pnpm/neo-async@2.6.2/node_modules/neo-async/async.js:2850:39)\n' +
    '\n' +
    "ModuleDependencyError: export 'routeLocaleSymbol' (imported as 'routeLocaleSymbol') was not found in 'vuepress/client' (possible exports: ClientOnly, Content, RouteLink, clientDataSymbol, defineClientConfig, resolveRoute, resolveRoutePath, resolvers, updateHeadSymbol, useClientData, useLayouts, usePageComponent, usePageData, usePageFrontmatter, usePageHead, usePageLang, usePageLayout, useRedirects, useRoute, useRouteLocale, useRoutePath, useRouter, useRoutes, useSiteData, useSiteLocaleData, useUpdateHead, withBase)\n" +
    '    at Compilation.reportDependencyErrorsAndWarnings (/Users/KhulnaSoft/gitexc/node_modules/.pnpm/webpack@5.103.0/node_modules/webpack/lib/Compilation.js:3540:21)\n' +
    '    at /Users/KhulnaSoft/gitexc/node_modules/.pnpm/webpack@5.103.0/node_modules/webpack/lib/Compilation.js:3094:28\n' +
    '    at _next2 (eval at create (/Users/KhulnaSoft/gitexc/node_modules/.pnpm/tapable@2.3.0/node_modules/tapable/lib/HookCodeFactory.js:31:10), <anonymous>:34:1)\n' +
    '    at eval (eval at create (/Users/KhulnaSoft/gitexc/node_modules/.pnpm/tapable@2.3.0/node_modules/tapable/lib/HookCodeFactory.js:31:10), <anonymous>:62:1)\n' +
    '    at /Users/KhulnaSoft/gitexc/node_modules/.pnpm/webpack@5.103.0/node_modules/webpack/lib/FlagDependencyExportsPlugin.js:404:10\n' +
    '    at /Users/KhulnaSoft/gitexc/node_modules/.pnpm/neo-async@2.6.2/node_modules/neo-async/async.js:2830:7\n' +
    '    at Object.each (/Users/KhulnaSoft/gitexc/node_modules/.pnpm/neo-async@2.6.2/node_modules/neo-async/async.js:2850:39)\n' +
    '    at /Users/KhulnaSoft/gitexc/node_modules/.pnpm/webpack@5.103.0/node_modules/webpack/lib/FlagDependencyExportsPlugin.js:374:17\n' +
    '    at /Users/KhulnaSoft/gitexc/node_modules/.pnpm/neo-async@2.6.2/node_modules/neo-async/async.js:2830:7\n' +
    '    at done (/Users/KhulnaSoft/gitexc/node_modules/.pnpm/neo-async@2.6.2/node_modules/neo-async/async.js:2865:11)',
  compilerPath: undefined
}
✖ Compiling with webpack - failed in 1.88s
Error: Failed to compile with errors
    at file:///Users/KhulnaSoft/gitexc/node_modules/.pnpm/@vuepress+bundler-webpack@2.0.0-rc.7_typescript@5.9.3/node_modules/@vuepress/bundler-webpack/dist/index.js:794:18
    at /Users/KhulnaSoft/gitexc/node_modules/.pnpm/webpack@5.103.0/node_modules/webpack/lib/webpack.js:189:7
    at /Users/KhulnaSoft/gitexc/node_modules/.pnpm/webpack@5.103.0/node_modules/webpack/lib/MultiCompiler.js:670:5
    at /Users/KhulnaSoft/gitexc/node_modules/.pnpm/neo-async@2.6.2/node_modules/neo-async/async.js:2830:7
    at done (/Users/KhulnaSoft/gitexc/node_modules/.pnpm/neo-async@2.6.2/node_modules/neo-async/async.js:2865:11)
    at /Users/KhulnaSoft/gitexc/node_modules/.pnpm/neo-async@2.6.2/node_modules/neo-async/async.js:2818:7
    at /Users/KhulnaSoft/gitexc/node_modules/.pnpm/webpack@5.103.0/node_modules/webpack/lib/HookWebpackError.js:66:2
    at _done (eval at create (/Users/KhulnaSoft/gitexc/node_modules/.pnpm/tapable@2.3.0/node_modules/tapable/lib/HookCodeFactory.js:31:10), <anonymous>:9:1)
    at eval (eval at create (/Users/KhulnaSoft/gitexc/node_modules/.pnpm/tapable@2.3.0/node_modules/tapable/lib/HookCodeFactory.js:31:10), <anonymous>:34:22)
    at process.processTicksAndRejections (node:internal/process/task_queues:105:5)
 ELIFECYCLE  Command failed with exit code 1.
 ELIFECYCLE  Command failed with exit code 1.
