
> docs@1.0.0 build /Users/KhulnaSoft/gitexc/docs/.vuepress
> pnpm run docs:build


> docs@1.0.0 docs:build /Users/KhulnaSoft/gitexc/docs/.vuepress
> vuepress build ..

- Initializing and preparing data
✔ Initializing and preparing data - done in 162ms
- Compiling with webpack
{
  moduleIdentifier: '/Users/KhulnaSoft/gitexc/node_modules/.pnpm/vue-loader@17.4.2_vue@3.5.25_webpack@5.103.0/node_modules/vue-loader/dist/templateLoader.js??ruleSet[1].rules[2]!/Users/KhulnaSoft/gitexc/node_modules/.pnpm/@vuepress+bundler-webpack@2.0.0-rc.7_typescript@5.9.3/node_modules/@vuepress/bundler-webpack/dist/vuepress-loader.cjs!/Users/KhulnaSoft/gitexc/node_modules/.pnpm/vue-loader@17.4.2_vue@3.5.25_webpack@5.103.0/node_modules/vue-loader/dist/index.js??ruleSet[0].use[1]!/Users/KhulnaSoft/gitexc/docs/.vuepress/.temp/pages/guide/index.html.vue?vue&type=template&id=f39db816',
  moduleName: '../../node_modules/.pnpm/vue-loader@17.4.2_vue@3.5.25_webpack@5.103.0/node_modules/vue-loader/dist/templateLoader.js??ruleSet[1].rules[2]!../../node_modules/.pnpm/@vuepress+bundler-webpack@2.0.0-rc.7_typescript@5.9.3/node_modules/@vuepress/bundler-webpack/dist/vuepress-loader.cjs!../../node_modules/.pnpm/vue-loader@17.4.2_vue@3.5.25_webpack@5.103.0/node_modules/vue-loader/dist/index.js??ruleSet[0].use[1]!./.temp/pages/guide/index.html.vue?vue&type=template&id=f39db816',
  loc: '1:0-298',
  message: "Module not found: Error: Can't resolve 'vue' in '/Users/KhulnaSoft/gitexc/docs/.vuepress/.temp/pages/guide'",
  moduleId: null,
  moduleTrace: [
    {
      originIdentifier: '/Users/KhulnaSoft/gitexc/node_modules/.pnpm/vue-loader@17.4.2_vue@3.5.25_webpack@5.103.0/node_modules/vue-loader/dist/pitcher.js??ruleSet[1].rules[0]!/Users/KhulnaSoft/gitexc/node_modules/.pnpm/vue-loader@17.4.2_vue@3.5.25_webpack@5.103.0/node_modules/vue-loader/dist/templateLoader.js??ruleSet[1].rules[2]!/Users/KhulnaSoft/gitexc/node_modules/.pnpm/@vuepress+bundler-webpack@2.0.0-rc.7_typescript@5.9.3/node_modules/@vuepress/bundler-webpack/dist/vuepress-loader.cjs!/Users/KhulnaSoft/gitexc/node_modules/.pnpm/vue-loader@17.4.2_vue@3.5.25_webpack@5.103.0/node_modules/vue-loader/dist/index.js??ruleSet[0].use[1]!/Users/KhulnaSoft/gitexc/docs/.vuepress/.temp/pages/guide/index.html.vue?vue&type=template&id=f39db816',
      originName: './.temp/pages/guide/index.html.vue?vue&type=template&id=f39db816',
      moduleIdentifier: '/Users/KhulnaSoft/gitexc/node_modules/.pnpm/vue-loader@17.4.2_vue@3.5.25_webpack@5.103.0/node_modules/vue-loader/dist/templateLoader.js??ruleSet[1].rules[2]!/Users/KhulnaSoft/gitexc/node_modules/.pnpm/@vuepress+bundler-webpack@2.0.0-rc.7_typescript@5.9.3/node_modules/@vuepress/bundler-webpack/dist/vuepress-loader.cjs!/Users/KhulnaSoft/gitexc/node_modules/.pnpm/vue-loader@17.4.2_vue@3.5.25_webpack@5.103.0/node_modules/vue-loader/dist/index.js??ruleSet[0].use[1]!/Users/KhulnaSoft/gitexc/docs/.vuepress/.temp/pages/guide/index.html.vue?vue&type=template&id=f39db816',
      moduleName: '../../node_modules/.pnpm/vue-loader@17.4.2_vue@3.5.25_webpack@5.103.0/node_modules/vue-loader/dist/templateLoader.js??ruleSet[1].rules[2]!../../node_modules/.pnpm/@vuepress+bundler-webpack@2.0.0-rc.7_typescript@5.9.3/node_modules/@vuepress/bundler-webpack/dist/vuepress-loader.cjs!../../node_modules/.pnpm/vue-loader@17.4.2_vue@3.5.25_webpack@5.103.0/node_modules/vue-loader/dist/index.js??ruleSet[0].use[1]!./.temp/pages/guide/index.html.vue?vue&type=template&id=f39db816',
      dependencies: [Array],
      originId: null,
      moduleId: null
    },
    {
      originIdentifier: '/Users/KhulnaSoft/gitexc/node_modules/.pnpm/@vuepress+bundler-webpack@2.0.0-rc.7_typescript@5.9.3/node_modules/@vuepress/bundler-webpack/dist/vuepress-loader.cjs!/Users/KhulnaSoft/gitexc/node_modules/.pnpm/vue-loader@17.4.2_vue@3.5.25_webpack@5.103.0/node_modules/vue-loader/dist/index.js??ruleSet[0].use[1]!/Users/KhulnaSoft/gitexc/docs/.vuepress/.temp/pages/guide/index.html.vue',
      originName: './.temp/pages/guide/index.html.vue',
      moduleIdentifier: '/Users/KhulnaSoft/gitexc/node_modules/.pnpm/vue-loader@17.4.2_vue@3.5.25_webpack@5.103.0/node_modules/vue-loader/dist/pitcher.js??ruleSet[1].rules[0]!/Users/KhulnaSoft/gitexc/node_modules/.pnpm/vue-loader@17.4.2_vue@3.5.25_webpack@5.103.0/node_modules/vue-loader/dist/templateLoader.js??ruleSet[1].rules[2]!/Users/KhulnaSoft/gitexc/node_modules/.pnpm/@vuepress+bundler-webpack@2.0.0-rc.7_typescript@5.9.3/node_modules/@vuepress/bundler-webpack/dist/vuepress-loader.cjs!/Users/KhulnaSoft/gitexc/node_modules/.pnpm/vue-loader@17.4.2_vue@3.5.25_webpack@5.103.0/node_modules/vue-loader/dist/index.js??ruleSet[0].use[1]!/Users/KhulnaSoft/gitexc/docs/.vuepress/.temp/pages/guide/index.html.vue?vue&type=template&id=f39db816',
      moduleName: './.temp/pages/guide/index.html.vue?vue&type=template&id=f39db816',
      dependencies: [Array],
      originId: null,
      moduleId: null
    },
    {
      originIdentifier: 'javascript/esm|/Users/KhulnaSoft/gitexc/docs/.vuepress/.temp/pages/guide/index.html.js',
      originName: './.temp/pages/guide/index.html.js',
      moduleIdentifier: '/Users/KhulnaSoft/gitexc/node_modules/.pnpm/@vuepress+bundler-webpack@2.0.0-rc.7_typescript@5.9.3/node_modules/@vuepress/bundler-webpack/dist/vuepress-loader.cjs!/Users/KhulnaSoft/gitexc/node_modules/.pnpm/vue-loader@17.4.2_vue@3.5.25_webpack@5.103.0/node_modules/vue-loader/dist/index.js??ruleSet[0].use[1]!/Users/KhulnaSoft/gitexc/docs/.vuepress/.temp/pages/guide/index.html.vue',
      moduleName: './.temp/pages/guide/index.html.vue',
      dependencies: [Array],
      originId: null,
      moduleId: null
    },
    {
      originIdentifier: 'javascript/esm|/Users/KhulnaSoft/gitexc/docs/.vuepress/.temp/internal/routes.js',
      originName: './.temp/internal/routes.js',
      moduleIdentifier: 'javascript/esm|/Users/KhulnaSoft/gitexc/docs/.vuepress/.temp/pages/guide/index.html.js',
      moduleName: './.temp/pages/guide/index.html.js',
      dependencies: [],
      originId: 63,
      moduleId: null
    },
    {
      originIdentifier: 'javascript/esm|/Users/KhulnaSoft/gitexc/node_modules/.pnpm/@vuepress+client@2.0.0-rc.7_typescript@5.9.3/node_modules/@vuepress/client/dist/chunk-VWNFZFFH.js',
      originName: '../../node_modules/.pnpm/@vuepress+client@2.0.0-rc.7_typescript@5.9.3/node_modules/@vuepress/client/dist/chunk-VWNFZFFH.js',
      moduleIdentifier: 'javascript/esm|/Users/KhulnaSoft/gitexc/docs/.vuepress/.temp/internal/routes.js',
      moduleName: './.temp/internal/routes.js',
      dependencies: [Array],
      originId: 663,
      moduleId: 63
    },
    {
      originIdentifier: 'javascript/esm|/Users/KhulnaSoft/gitexc/node_modules/.pnpm/@vuepress+client@2.0.0-rc.7_typescript@5.9.3/node_modules/@vuepress/client/dist/app.js',
      originName: '../../node_modules/.pnpm/@vuepress+client@2.0.0-rc.7_typescript@5.9.3/node_modules/@vuepress/client/dist/app.js',
      moduleIdentifier: 'javascript/esm|/Users/KhulnaSoft/gitexc/node_modules/.pnpm/@vuepress+client@2.0.0-rc.7_typescript@5.9.3/node_modules/@vuepress/client/dist/chunk-VWNFZFFH.js',
      moduleName: '../../node_modules/.pnpm/@vuepress+client@2.0.0-rc.7_typescript@5.9.3/node_modules/@vuepress/client/dist/chunk-VWNFZFFH.js',
      dependencies: [Array],
      originId: 915,
      moduleId: 663
    }
  ],
  details: "resolve 'vue' in '/Users/KhulnaSoft/gitexc/docs/.vuepress/.temp/pages/guide'\n" +
    '  Parsed request is a module\n' +
    '  using description file: /Users/KhulnaSoft/gitexc/docs/.vuepress/package.json (relative path: ./.temp/pages/guide)\n' +
    "    Field 'browser' doesn't contain a valid alias configuration\n" +
    '    resolve as module\n' +
    "      /Users/KhulnaSoft/gitexc/docs/.vuepress/.temp/pages/guide/node_modules doesn't exist or is not a directory\n" +
    "      /Users/KhulnaSoft/gitexc/docs/.vuepress/.temp/pages/node_modules doesn't exist or is not a directory\n" +
    "      /Users/KhulnaSoft/gitexc/docs/.vuepress/.temp/node_modules doesn't exist or is not a directory\n" +
    '      looking for modules in /Users/KhulnaSoft/gitexc/docs/.vuepress/node_modules\n' +
    '        single file module\n' +
    '          using description file: /Users/KhulnaSoft/gitexc/docs/.vuepress/package.json (relative path: ./node_modules/vue)\n' +
    '            no extension\n' +
    "              Field 'browser' doesn't contain a valid alias configuration\n" +
    "              /Users/KhulnaSoft/gitexc/docs/.vuepress/node_modules/vue doesn't exist\n" +
    '            .js\n' +
    "              Field 'browser' doesn't contain a valid alias configuration\n" +
    "              /Users/KhulnaSoft/gitexc/docs/.vuepress/node_modules/vue.js doesn't exist\n" +
    '            .jsx\n' +
    "              Field 'browser' doesn't contain a valid alias configuration\n" +
    "              /Users/KhulnaSoft/gitexc/docs/.vuepress/node_modules/vue.jsx doesn't exist\n" +
    '            .ts\n' +
    "              Field 'browser' doesn't contain a valid alias configuration\n" +
    "              /Users/KhulnaSoft/gitexc/docs/.vuepress/node_modules/vue.ts doesn't exist\n" +
    '            .tsx\n' +
    "              Field 'browser' doesn't contain a valid alias configuration\n" +
    "              /Users/KhulnaSoft/gitexc/docs/.vuepress/node_modules/vue.tsx doesn't exist\n" +
    '            .vue\n' +
    "              Field 'browser' doesn't contain a valid alias configuration\n" +
    "              /Users/KhulnaSoft/gitexc/docs/.vuepress/node_modules/vue.vue doesn't exist\n" +
    '            .json\n' +
    "              Field 'browser' doesn't contain a valid alias configuration\n" +
    "              /Users/KhulnaSoft/gitexc/docs/.vuepress/node_modules/vue.json doesn't exist\n" +
    "        /Users/KhulnaSoft/gitexc/docs/.vuepress/node_modules/vue doesn't exist\n" +
    "      /Users/KhulnaSoft/gitexc/docs/node_modules doesn't exist or is not a directory\n" +
    '      looking for modules in /Users/KhulnaSoft/gitexc/node_modules\n' +
    '        single file module\n' +
    '          using description file: /Users/KhulnaSoft/gitexc/package.json (relative path: ./node_modules/vue)\n' +
    '            no extension\n' +
    "              Field 'browser' doesn't contain a valid alias configuration\n" +
    "              /Users/KhulnaSoft/gitexc/node_modules/vue doesn't exist\n" +
    '            .js\n' +
    "              Field 'browser' doesn't contain a valid alias configuration\n" +
    "              /Users/KhulnaSoft/gitexc/node_modules/vue.js doesn't exist\n" +
    '            .jsx\n' +
    "              Field 'browser' doesn't contain a valid alias configuration\n" +
    "              /Users/KhulnaSoft/gitexc/node_modules/vue.jsx doesn't exist\n" +
    '            .ts\n' +
    "              Field 'browser' doesn't contain a valid alias configuration\n" +
    "              /Users/KhulnaSoft/gitexc/node_modules/vue.ts doesn't exist\n" +
    '            .tsx\n' +
    "              Field 'browser' doesn't contain a valid alias configuration\n" +
    "              /Users/KhulnaSoft/gitexc/node_modules/vue.tsx doesn't exist\n" +
    '            .vue\n' +
    "              Field 'browser' doesn't contain a valid alias configuration\n" +
    "              /Users/KhulnaSoft/gitexc/node_modules/vue.vue doesn't exist\n" +
    '            .json\n' +
    "              Field 'browser' doesn't contain a valid alias configuration\n" +
    "              /Users/KhulnaSoft/gitexc/node_modules/vue.json doesn't exist\n" +
    "        /Users/KhulnaSoft/gitexc/node_modules/vue doesn't exist\n" +
    "      /Users/KhulnaSoft/node_modules doesn't exist or is not a directory\n" +
    "      /Users/node_modules doesn't exist or is not a directory\n" +
    "      /node_modules doesn't exist or is not a directory",
  stack: "ModuleNotFoundError: Module not found: Error: Can't resolve 'vue' in '/Users/KhulnaSoft/gitexc/docs/.vuepress/.temp/pages/guide'\n" +
    '    at /Users/KhulnaSoft/gitexc/node_modules/.pnpm/webpack@5.103.0/node_modules/webpack/lib/Compilation.js:2052:28\n' +
    '    at /Users/KhulnaSoft/gitexc/node_modules/.pnpm/webpack@5.103.0/node_modules/webpack/lib/NormalModuleFactory.js:1031:13\n' +
    '    at eval (eval at create (/Users/KhulnaSoft/gitexc/node_modules/.pnpm/tapable@2.3.0/node_modules/tapable/lib/HookCodeFactory.js:31:10), <anonymous>:10:1)\n' +
    '    at /Users/KhulnaSoft/gitexc/node_modules/.pnpm/webpack@5.103.0/node_modules/webpack/lib/NormalModuleFactory.js:432:22\n' +
    '    at eval (eval at create (/Users/KhulnaSoft/gitexc/node_modules/.pnpm/tapable@2.3.0/node_modules/tapable/lib/HookCodeFactory.js:31:10), <anonymous>:9:1)\n' +
    '    at /Users/KhulnaSoft/gitexc/node_modules/.pnpm/webpack@5.103.0/node_modules/webpack/lib/NormalModuleFactory.js:617:22\n' +
    '    at /Users/KhulnaSoft/gitexc/node_modules/.pnpm/webpack@5.103.0/node_modules/webpack/lib/NormalModuleFactory.js:179:10\n' +
    '    at /Users/KhulnaSoft/gitexc/node_modules/.pnpm/webpack@5.103.0/node_modules/webpack/lib/NormalModuleFactory.js:887:25\n' +
    '    at /Users/KhulnaSoft/gitexc/node_modules/.pnpm/webpack@5.103.0/node_modules/webpack/lib/NormalModuleFactory.js:1116:8\n' +
    '    at /Users/KhulnaSoft/gitexc/node_modules/.pnpm/webpack@5.103.0/node_modules/webpack/lib/NormalModuleFactory.js:1245:5',
  compilerPath: undefined
}
{
  moduleIdentifier: '/Users/KhulnaSoft/gitexc/node_modules/.pnpm/vue-loader@17.4.2_vue@3.5.25_webpack@5.103.0/node_modules/vue-loader/dist/templateLoader.js??ruleSet[1].rules[2]!/Users/KhulnaSoft/gitexc/node_modules/.pnpm/@vuepress+bundler-webpack@2.0.0-rc.7_typescript@5.9.3/node_modules/@vuepress/bundler-webpack/dist/vuepress-loader.cjs!/Users/KhulnaSoft/gitexc/node_modules/.pnpm/vue-loader@17.4.2_vue@3.5.25_webpack@5.103.0/node_modules/vue-loader/dist/index.js??ruleSet[0].use[1]!/Users/KhulnaSoft/gitexc/docs/.vuepress/.temp/pages/index.html.vue?vue&type=template&id=47eae836',
  moduleName: '../../node_modules/.pnpm/vue-loader@17.4.2_vue@3.5.25_webpack@5.103.0/node_modules/vue-loader/dist/templateLoader.js??ruleSet[1].rules[2]!../../node_modules/.pnpm/@vuepress+bundler-webpack@2.0.0-rc.7_typescript@5.9.3/node_modules/@vuepress/bundler-webpack/dist/vuepress-loader.cjs!../../node_modules/.pnpm/vue-loader@17.4.2_vue@3.5.25_webpack@5.103.0/node_modules/vue-loader/dist/index.js??ruleSet[0].use[1]!./.temp/pages/index.html.vue?vue&type=template&id=47eae836',
  loc: '1:0-257',
  message: "Module not found: Error: Can't resolve 'vue' in '/Users/KhulnaSoft/gitexc/docs/.vuepress/.temp/pages'",
  moduleId: null,
  moduleTrace: [
    {
      originIdentifier: '/Users/KhulnaSoft/gitexc/node_modules/.pnpm/vue-loader@17.4.2_vue@3.5.25_webpack@5.103.0/node_modules/vue-loader/dist/pitcher.js??ruleSet[1].rules[0]!/Users/KhulnaSoft/gitexc/node_modules/.pnpm/vue-loader@17.4.2_vue@3.5.25_webpack@5.103.0/node_modules/vue-loader/dist/templateLoader.js??ruleSet[1].rules[2]!/Users/KhulnaSoft/gitexc/node_modules/.pnpm/@vuepress+bundler-webpack@2.0.0-rc.7_typescript@5.9.3/node_modules/@vuepress/bundler-webpack/dist/vuepress-loader.cjs!/Users/KhulnaSoft/gitexc/node_modules/.pnpm/vue-loader@17.4.2_vue@3.5.25_webpack@5.103.0/node_modules/vue-loader/dist/index.js??ruleSet[0].use[1]!/Users/KhulnaSoft/gitexc/docs/.vuepress/.temp/pages/index.html.vue?vue&type=template&id=47eae836',
      originName: './.temp/pages/index.html.vue?vue&type=template&id=47eae836',
      moduleIdentifier: '/Users/KhulnaSoft/gitexc/node_modules/.pnpm/vue-loader@17.4.2_vue@3.5.25_webpack@5.103.0/node_modules/vue-loader/dist/templateLoader.js??ruleSet[1].rules[2]!/Users/KhulnaSoft/gitexc/node_modules/.pnpm/@vuepress+bundler-webpack@2.0.0-rc.7_typescript@5.9.3/node_modules/@vuepress/bundler-webpack/dist/vuepress-loader.cjs!/Users/KhulnaSoft/gitexc/node_modules/.pnpm/vue-loader@17.4.2_vue@3.5.25_webpack@5.103.0/node_modules/vue-loader/dist/index.js??ruleSet[0].use[1]!/Users/KhulnaSoft/gitexc/docs/.vuepress/.temp/pages/index.html.vue?vue&type=template&id=47eae836',
      moduleName: '../../node_modules/.pnpm/vue-loader@17.4.2_vue@3.5.25_webpack@5.103.0/node_modules/vue-loader/dist/templateLoader.js??ruleSet[1].rules[2]!../../node_modules/.pnpm/@vuepress+bundler-webpack@2.0.0-rc.7_typescript@5.9.3/node_modules/@vuepress/bundler-webpack/dist/vuepress-loader.cjs!../../node_modules/.pnpm/vue-loader@17.4.2_vue@3.5.25_webpack@5.103.0/node_modules/vue-loader/dist/index.js??ruleSet[0].use[1]!./.temp/pages/index.html.vue?vue&type=template&id=47eae836',
      dependencies: [Array],
      originId: null,
      moduleId: null
    },
    {
      originIdentifier: '/Users/KhulnaSoft/gitexc/node_modules/.pnpm/@vuepress+bundler-webpack@2.0.0-rc.7_typescript@5.9.3/node_modules/@vuepress/bundler-webpack/dist/vuepress-loader.cjs!/Users/KhulnaSoft/gitexc/node_modules/.pnpm/vue-loader@17.4.2_vue@3.5.25_webpack@5.103.0/node_modules/vue-loader/dist/index.js??ruleSet[0].use[1]!/Users/KhulnaSoft/gitexc/docs/.vuepress/.temp/pages/index.html.vue',
      originName: './.temp/pages/index.html.vue',
      moduleIdentifier: '/Users/KhulnaSoft/gitexc/node_modules/.pnpm/vue-loader@17.4.2_vue@3.5.25_webpack@5.103.0/node_modules/vue-loader/dist/pitcher.js??ruleSet[1].rules[0]!/Users/KhulnaSoft/gitexc/node_modules/.pnpm/vue-loader@17.4.2_vue@3.5.25_webpack@5.103.0/node_modules/vue-loader/dist/templateLoader.js??ruleSet[1].rules[2]!/Users/KhulnaSoft/gitexc/node_modules/.pnpm/@vuepress+bundler-webpack@2.0.0-rc.7_typescript@5.9.3/node_modules/@vuepress/bundler-webpack/dist/vuepress-loader.cjs!/Users/KhulnaSoft/gitexc/node_modules/.pnpm/vue-loader@17.4.2_vue@3.5.25_webpack@5.103.0/node_modules/vue-loader/dist/index.js??ruleSet[0].use[1]!/Users/KhulnaSoft/gitexc/docs/.vuepress/.temp/pages/index.html.vue?vue&type=template&id=47eae836',
      moduleName: './.temp/pages/index.html.vue?vue&type=template&id=47eae836',
      dependencies: [Array],
      originId: null,
      moduleId: null
    },
    {
      originIdentifier: 'javascript/esm|/Users/KhulnaSoft/gitexc/docs/.vuepress/.temp/pages/index.html.js',
      originName: './.temp/pages/index.html.js',
      moduleIdentifier: '/Users/KhulnaSoft/gitexc/node_modules/.pnpm/@vuepress+bundler-webpack@2.0.0-rc.7_typescript@5.9.3/node_modules/@vuepress/bundler-webpack/dist/vuepress-loader.cjs!/Users/KhulnaSoft/gitexc/node_modules/.pnpm/vue-loader@17.4.2_vue@3.5.25_webpack@5.103.0/node_modules/vue-loader/dist/index.js??ruleSet[0].use[1]!/Users/KhulnaSoft/gitexc/docs/.vuepress/.temp/pages/index.html.vue',
      moduleName: './.temp/pages/index.html.vue',
      dependencies: [Array],
      originId: null,
      moduleId: null
    },
    {
      originIdentifier: 'javascript/esm|/Users/KhulnaSoft/gitexc/docs/.vuepress/.temp/internal/routes.js',
      originName: './.temp/internal/routes.js',
      moduleIdentifier: 'javascript/esm|/Users/KhulnaSoft/gitexc/docs/.vuepress/.temp/pages/index.html.js',
      moduleName: './.temp/pages/index.html.js',
      dependencies: [],
      originId: 63,
      moduleId: null
    },
    {
      originIdentifier: 'javascript/esm|/Users/KhulnaSoft/gitexc/node_modules/.pnpm/@vuepress+client@2.0.0-rc.7_typescript@5.9.3/node_modules/@vuepress/client/dist/chunk-VWNFZFFH.js',
      originName: '../../node_modules/.pnpm/@vuepress+client@2.0.0-rc.7_typescript@5.9.3/node_modules/@vuepress/client/dist/chunk-VWNFZFFH.js',
      moduleIdentifier: 'javascript/esm|/Users/KhulnaSoft/gitexc/docs/.vuepress/.temp/internal/routes.js',
      moduleName: './.temp/internal/routes.js',
      dependencies: [Array],
      originId: 663,
      moduleId: 63
    },
    {
      originIdentifier: 'javascript/esm|/Users/KhulnaSoft/gitexc/node_modules/.pnpm/@vuepress+client@2.0.0-rc.7_typescript@5.9.3/node_modules/@vuepress/client/dist/app.js',
      originName: '../../node_modules/.pnpm/@vuepress+client@2.0.0-rc.7_typescript@5.9.3/node_modules/@vuepress/client/dist/app.js',
      moduleIdentifier: 'javascript/esm|/Users/KhulnaSoft/gitexc/node_modules/.pnpm/@vuepress+client@2.0.0-rc.7_typescript@5.9.3/node_modules/@vuepress/client/dist/chunk-VWNFZFFH.js',
      moduleName: '../../node_modules/.pnpm/@vuepress+client@2.0.0-rc.7_typescript@5.9.3/node_modules/@vuepress/client/dist/chunk-VWNFZFFH.js',
      dependencies: [Array],
      originId: 915,
      moduleId: 663
    }
  ],
  details: "resolve 'vue' in '/Users/KhulnaSoft/gitexc/docs/.vuepress/.temp/pages'\n" +
    '  Parsed request is a module\n' +
    '  using description file: /Users/KhulnaSoft/gitexc/docs/.vuepress/package.json (relative path: ./.temp/pages)\n' +
    "    Field 'browser' doesn't contain a valid alias configuration\n" +
    '    resolve as module\n' +
    "      /Users/KhulnaSoft/gitexc/docs/.vuepress/.temp/pages/node_modules doesn't exist or is not a directory\n" +
    "      /Users/KhulnaSoft/gitexc/docs/.vuepress/.temp/node_modules doesn't exist or is not a directory\n" +
    '      looking for modules in /Users/KhulnaSoft/gitexc/docs/.vuepress/node_modules\n' +
    '        single file module\n' +
    '          using description file: /Users/KhulnaSoft/gitexc/docs/.vuepress/package.json (relative path: ./node_modules/vue)\n' +
    '            no extension\n' +
    "              Field 'browser' doesn't contain a valid alias configuration\n" +
    "              /Users/KhulnaSoft/gitexc/docs/.vuepress/node_modules/vue doesn't exist\n" +
    '            .js\n' +
    "              Field 'browser' doesn't contain a valid alias configuration\n" +
    "              /Users/KhulnaSoft/gitexc/docs/.vuepress/node_modules/vue.js doesn't exist\n" +
    '            .jsx\n' +
    "              Field 'browser' doesn't contain a valid alias configuration\n" +
    "              /Users/KhulnaSoft/gitexc/docs/.vuepress/node_modules/vue.jsx doesn't exist\n" +
    '            .ts\n' +
    "              Field 'browser' doesn't contain a valid alias configuration\n" +
    "              /Users/KhulnaSoft/gitexc/docs/.vuepress/node_modules/vue.ts doesn't exist\n" +
    '            .tsx\n' +
    "              Field 'browser' doesn't contain a valid alias configuration\n" +
    "              /Users/KhulnaSoft/gitexc/docs/.vuepress/node_modules/vue.tsx doesn't exist\n" +
    '            .vue\n' +
    "              Field 'browser' doesn't contain a valid alias configuration\n" +
    "              /Users/KhulnaSoft/gitexc/docs/.vuepress/node_modules/vue.vue doesn't exist\n" +
    '            .json\n' +
    "              Field 'browser' doesn't contain a valid alias configuration\n" +
    "              /Users/KhulnaSoft/gitexc/docs/.vuepress/node_modules/vue.json doesn't exist\n" +
    "        /Users/KhulnaSoft/gitexc/docs/.vuepress/node_modules/vue doesn't exist\n" +
    "      /Users/KhulnaSoft/gitexc/docs/node_modules doesn't exist or is not a directory\n" +
    '      looking for modules in /Users/KhulnaSoft/gitexc/node_modules\n' +
    '        single file module\n' +
    '          using description file: /Users/KhulnaSoft/gitexc/package.json (relative path: ./node_modules/vue)\n' +
    '            no extension\n' +
    "              Field 'browser' doesn't contain a valid alias configuration\n" +
    "              /Users/KhulnaSoft/gitexc/node_modules/vue doesn't exist\n" +
    '            .js\n' +
    "              Field 'browser' doesn't contain a valid alias configuration\n" +
    "              /Users/KhulnaSoft/gitexc/node_modules/vue.js doesn't exist\n" +
    '            .jsx\n' +
    "              Field 'browser' doesn't contain a valid alias configuration\n" +
    "              /Users/KhulnaSoft/gitexc/node_modules/vue.jsx doesn't exist\n" +
    '            .ts\n' +
    "              Field 'browser' doesn't contain a valid alias configuration\n" +
    "              /Users/KhulnaSoft/gitexc/node_modules/vue.ts doesn't exist\n" +
    '            .tsx\n' +
    "              Field 'browser' doesn't contain a valid alias configuration\n" +
    "              /Users/KhulnaSoft/gitexc/node_modules/vue.tsx doesn't exist\n" +
    '            .vue\n' +
    "              Field 'browser' doesn't contain a valid alias configuration\n" +
    "              /Users/KhulnaSoft/gitexc/node_modules/vue.vue doesn't exist\n" +
    '            .json\n' +
    "              Field 'browser' doesn't contain a valid alias configuration\n" +
    "              /Users/KhulnaSoft/gitexc/node_modules/vue.json doesn't exist\n" +
    "        /Users/KhulnaSoft/gitexc/node_modules/vue doesn't exist\n" +
    "      /Users/KhulnaSoft/node_modules doesn't exist or is not a directory\n" +
    "      /Users/node_modules doesn't exist or is not a directory\n" +
    "      /node_modules doesn't exist or is not a directory",
  stack: "ModuleNotFoundError: Module not found: Error: Can't resolve 'vue' in '/Users/KhulnaSoft/gitexc/docs/.vuepress/.temp/pages'\n" +
    '    at /Users/KhulnaSoft/gitexc/node_modules/.pnpm/webpack@5.103.0/node_modules/webpack/lib/Compilation.js:2052:28\n' +
    '    at /Users/KhulnaSoft/gitexc/node_modules/.pnpm/webpack@5.103.0/node_modules/webpack/lib/NormalModuleFactory.js:1031:13\n' +
    '    at eval (eval at create (/Users/KhulnaSoft/gitexc/node_modules/.pnpm/tapable@2.3.0/node_modules/tapable/lib/HookCodeFactory.js:31:10), <anonymous>:10:1)\n' +
    '    at /Users/KhulnaSoft/gitexc/node_modules/.pnpm/webpack@5.103.0/node_modules/webpack/lib/NormalModuleFactory.js:432:22\n' +
    '    at eval (eval at create (/Users/KhulnaSoft/gitexc/node_modules/.pnpm/tapable@2.3.0/node_modules/tapable/lib/HookCodeFactory.js:31:10), <anonymous>:9:1)\n' +
    '    at /Users/KhulnaSoft/gitexc/node_modules/.pnpm/webpack@5.103.0/node_modules/webpack/lib/NormalModuleFactory.js:617:22\n' +
    '    at /Users/KhulnaSoft/gitexc/node_modules/.pnpm/webpack@5.103.0/node_modules/webpack/lib/NormalModuleFactory.js:179:10\n' +
    '    at /Users/KhulnaSoft/gitexc/node_modules/.pnpm/webpack@5.103.0/node_modules/webpack/lib/NormalModuleFactory.js:887:25\n' +
    '    at /Users/KhulnaSoft/gitexc/node_modules/.pnpm/webpack@5.103.0/node_modules/webpack/lib/NormalModuleFactory.js:1116:8\n' +
    '    at /Users/KhulnaSoft/gitexc/node_modules/.pnpm/webpack@5.103.0/node_modules/webpack/lib/NormalModuleFactory.js:1245:5',
  compilerPath: undefined
}
{
  moduleIdentifier: '/Users/KhulnaSoft/gitexc/node_modules/.pnpm/vue-loader@17.4.2_vue@3.5.25_webpack@5.103.0/node_modules/vue-loader/dist/templateLoader.js??ruleSet[1].rules[2]!/Users/KhulnaSoft/gitexc/node_modules/.pnpm/@vuepress+bundler-webpack@2.0.0-rc.7_typescript@5.9.3/node_modules/@vuepress/bundler-webpack/dist/vuepress-loader.cjs!/Users/KhulnaSoft/gitexc/node_modules/.pnpm/vue-loader@17.4.2_vue@3.5.25_webpack@5.103.0/node_modules/vue-loader/dist/index.js??ruleSet[0].use[1]!/Users/KhulnaSoft/gitexc/docs/.vuepress/.temp/pages/404.html.vue?vue&type=template&id=69bd90fe',
  moduleName: '../../node_modules/.pnpm/vue-loader@17.4.2_vue@3.5.25_webpack@5.103.0/node_modules/vue-loader/dist/templateLoader.js??ruleSet[1].rules[2]!../../node_modules/.pnpm/@vuepress+bundler-webpack@2.0.0-rc.7_typescript@5.9.3/node_modules/@vuepress/bundler-webpack/dist/vuepress-loader.cjs!../../node_modules/.pnpm/vue-loader@17.4.2_vue@3.5.25_webpack@5.103.0/node_modules/vue-loader/dist/index.js??ruleSet[0].use[1]!./.temp/pages/404.html.vue?vue&type=template&id=69bd90fe',
  loc: '1:0-131',
  message: "Module not found: Error: Can't resolve 'vue' in '/Users/KhulnaSoft/gitexc/docs/.vuepress/.temp/pages'",
  moduleId: null,
  moduleTrace: [
    {
      originIdentifier: '/Users/KhulnaSoft/gitexc/node_modules/.pnpm/vue-loader@17.4.2_vue@3.5.25_webpack@5.103.0/node_modules/vue-loader/dist/pitcher.js??ruleSet[1].rules[0]!/Users/KhulnaSoft/gitexc/node_modules/.pnpm/vue-loader@17.4.2_vue@3.5.25_webpack@5.103.0/node_modules/vue-loader/dist/templateLoader.js??ruleSet[1].rules[2]!/Users/KhulnaSoft/gitexc/node_modules/.pnpm/@vuepress+bundler-webpack@2.0.0-rc.7_typescript@5.9.3/node_modules/@vuepress/bundler-webpack/dist/vuepress-loader.cjs!/Users/KhulnaSoft/gitexc/node_modules/.pnpm/vue-loader@17.4.2_vue@3.5.25_webpack@5.103.0/node_modules/vue-loader/dist/index.js??ruleSet[0].use[1]!/Users/KhulnaSoft/gitexc/docs/.vuepress/.temp/pages/404.html.vue?vue&type=template&id=69bd90fe',
      originName: './.temp/pages/404.html.vue?vue&type=template&id=69bd90fe',
      moduleIdentifier: '/Users/KhulnaSoft/gitexc/node_modules/.pnpm/vue-loader@17.4.2_vue@3.5.25_webpack@5.103.0/node_modules/vue-loader/dist/templateLoader.js??ruleSet[1].rules[2]!/Users/KhulnaSoft/gitexc/node_modules/.pnpm/@vuepress+bundler-webpack@2.0.0-rc.7_typescript@5.9.3/node_modules/@vuepress/bundler-webpack/dist/vuepress-loader.cjs!/Users/KhulnaSoft/gitexc/node_modules/.pnpm/vue-loader@17.4.2_vue@3.5.25_webpack@5.103.0/node_modules/vue-loader/dist/index.js??ruleSet[0].use[1]!/Users/KhulnaSoft/gitexc/docs/.vuepress/.temp/pages/404.html.vue?vue&type=template&id=69bd90fe',
      moduleName: '../../node_modules/.pnpm/vue-loader@17.4.2_vue@3.5.25_webpack@5.103.0/node_modules/vue-loader/dist/templateLoader.js??ruleSet[1].rules[2]!../../node_modules/.pnpm/@vuepress+bundler-webpack@2.0.0-rc.7_typescript@5.9.3/node_modules/@vuepress/bundler-webpack/dist/vuepress-loader.cjs!../../node_modules/.pnpm/vue-loader@17.4.2_vue@3.5.25_webpack@5.103.0/node_modules/vue-loader/dist/index.js??ruleSet[0].use[1]!./.temp/pages/404.html.vue?vue&type=template&id=69bd90fe',
      dependencies: [Array],
      originId: null,
      moduleId: null
    },
    {
      originIdentifier: '/Users/KhulnaSoft/gitexc/node_modules/.pnpm/@vuepress+bundler-webpack@2.0.0-rc.7_typescript@5.9.3/node_modules/@vuepress/bundler-webpack/dist/vuepress-loader.cjs!/Users/KhulnaSoft/gitexc/node_modules/.pnpm/vue-loader@17.4.2_vue@3.5.25_webpack@5.103.0/node_modules/vue-loader/dist/index.js??ruleSet[0].use[1]!/Users/KhulnaSoft/gitexc/docs/.vuepress/.temp/pages/404.html.vue',
      originName: './.temp/pages/404.html.vue',
      moduleIdentifier: '/Users/KhulnaSoft/gitexc/node_modules/.pnpm/vue-loader@17.4.2_vue@3.5.25_webpack@5.103.0/node_modules/vue-loader/dist/pitcher.js??ruleSet[1].rules[0]!/Users/KhulnaSoft/gitexc/node_modules/.pnpm/vue-loader@17.4.2_vue@3.5.25_webpack@5.103.0/node_modules/vue-loader/dist/templateLoader.js??ruleSet[1].rules[2]!/Users/KhulnaSoft/gitexc/node_modules/.pnpm/@vuepress+bundler-webpack@2.0.0-rc.7_typescript@5.9.3/node_modules/@vuepress/bundler-webpack/dist/vuepress-loader.cjs!/Users/KhulnaSoft/gitexc/node_modules/.pnpm/vue-loader@17.4.2_vue@3.5.25_webpack@5.103.0/node_modules/vue-loader/dist/index.js??ruleSet[0].use[1]!/Users/KhulnaSoft/gitexc/docs/.vuepress/.temp/pages/404.html.vue?vue&type=template&id=69bd90fe',
      moduleName: './.temp/pages/404.html.vue?vue&type=template&id=69bd90fe',
      dependencies: [Array],
      originId: null,
      moduleId: null
    },
    {
      originIdentifier: 'javascript/esm|/Users/KhulnaSoft/gitexc/docs/.vuepress/.temp/pages/404.html.js',
      originName: './.temp/pages/404.html.js',
      moduleIdentifier: '/Users/KhulnaSoft/gitexc/node_modules/.pnpm/@vuepress+bundler-webpack@2.0.0-rc.7_typescript@5.9.3/node_modules/@vuepress/bundler-webpack/dist/vuepress-loader.cjs!/Users/KhulnaSoft/gitexc/node_modules/.pnpm/vue-loader@17.4.2_vue@3.5.25_webpack@5.103.0/node_modules/vue-loader/dist/index.js??ruleSet[0].use[1]!/Users/KhulnaSoft/gitexc/docs/.vuepress/.temp/pages/404.html.vue',
      moduleName: './.temp/pages/404.html.vue',
      dependencies: [Array],
      originId: null,
      moduleId: null
    },
    {
      originIdentifier: 'javascript/esm|/Users/KhulnaSoft/gitexc/docs/.vuepress/.temp/internal/routes.js',
      originName: './.temp/internal/routes.js',
      moduleIdentifier: 'javascript/esm|/Users/KhulnaSoft/gitexc/docs/.vuepress/.temp/pages/404.html.js',
      moduleName: './.temp/pages/404.html.js',
      dependencies: [],
      originId: 63,
      moduleId: null
    },
    {
      originIdentifier: 'javascript/esm|/Users/KhulnaSoft/gitexc/node_modules/.pnpm/@vuepress+client@2.0.0-rc.7_typescript@5.9.3/node_modules/@vuepress/client/dist/chunk-VWNFZFFH.js',
      originName: '../../node_modules/.pnpm/@vuepress+client@2.0.0-rc.7_typescript@5.9.3/node_modules/@vuepress/client/dist/chunk-VWNFZFFH.js',
      moduleIdentifier: 'javascript/esm|/Users/KhulnaSoft/gitexc/docs/.vuepress/.temp/internal/routes.js',
      moduleName: './.temp/internal/routes.js',
      dependencies: [Array],
      originId: 663,
      moduleId: 63
    },
    {
      originIdentifier: 'javascript/esm|/Users/KhulnaSoft/gitexc/node_modules/.pnpm/@vuepress+client@2.0.0-rc.7_typescript@5.9.3/node_modules/@vuepress/client/dist/app.js',
      originName: '../../node_modules/.pnpm/@vuepress+client@2.0.0-rc.7_typescript@5.9.3/node_modules/@vuepress/client/dist/app.js',
      moduleIdentifier: 'javascript/esm|/Users/KhulnaSoft/gitexc/node_modules/.pnpm/@vuepress+client@2.0.0-rc.7_typescript@5.9.3/node_modules/@vuepress/client/dist/chunk-VWNFZFFH.js',
      moduleName: '../../node_modules/.pnpm/@vuepress+client@2.0.0-rc.7_typescript@5.9.3/node_modules/@vuepress/client/dist/chunk-VWNFZFFH.js',
      dependencies: [Array],
      originId: 915,
      moduleId: 663
    }
  ],
  details: "resolve 'vue' in '/Users/KhulnaSoft/gitexc/docs/.vuepress/.temp/pages'\n" +
    '  Parsed request is a module\n' +
    '  using description file: /Users/KhulnaSoft/gitexc/docs/.vuepress/package.json (relative path: ./.temp/pages)\n' +
    "    Field 'browser' doesn't contain a valid alias configuration\n" +
    '    resolve as module\n' +
    "      /Users/KhulnaSoft/gitexc/docs/.vuepress/.temp/pages/node_modules doesn't exist or is not a directory\n" +
    "      /Users/KhulnaSoft/gitexc/docs/.vuepress/.temp/node_modules doesn't exist or is not a directory\n" +
    '      looking for modules in /Users/KhulnaSoft/gitexc/docs/.vuepress/node_modules\n' +
    '        single file module\n' +
    '          using description file: /Users/KhulnaSoft/gitexc/docs/.vuepress/package.json (relative path: ./node_modules/vue)\n' +
    '            no extension\n' +
    "              Field 'browser' doesn't contain a valid alias configuration\n" +
    "              /Users/KhulnaSoft/gitexc/docs/.vuepress/node_modules/vue doesn't exist\n" +
    '            .js\n' +
    "              Field 'browser' doesn't contain a valid alias configuration\n" +
    "              /Users/KhulnaSoft/gitexc/docs/.vuepress/node_modules/vue.js doesn't exist\n" +
    '            .jsx\n' +
    "              Field 'browser' doesn't contain a valid alias configuration\n" +
    "              /Users/KhulnaSoft/gitexc/docs/.vuepress/node_modules/vue.jsx doesn't exist\n" +
    '            .ts\n' +
    "              Field 'browser' doesn't contain a valid alias configuration\n" +
    "              /Users/KhulnaSoft/gitexc/docs/.vuepress/node_modules/vue.ts doesn't exist\n" +
    '            .tsx\n' +
    "              Field 'browser' doesn't contain a valid alias configuration\n" +
    "              /Users/KhulnaSoft/gitexc/docs/.vuepress/node_modules/vue.tsx doesn't exist\n" +
    '            .vue\n' +
    "              Field 'browser' doesn't contain a valid alias configuration\n" +
    "              /Users/KhulnaSoft/gitexc/docs/.vuepress/node_modules/vue.vue doesn't exist\n" +
    '            .json\n' +
    "              Field 'browser' doesn't contain a valid alias configuration\n" +
    "              /Users/KhulnaSoft/gitexc/docs/.vuepress/node_modules/vue.json doesn't exist\n" +
    "        /Users/KhulnaSoft/gitexc/docs/.vuepress/node_modules/vue doesn't exist\n" +
    "      /Users/KhulnaSoft/gitexc/docs/node_modules doesn't exist or is not a directory\n" +
    '      looking for modules in /Users/KhulnaSoft/gitexc/node_modules\n' +
    '        single file module\n' +
    '          using description file: /Users/KhulnaSoft/gitexc/package.json (relative path: ./node_modules/vue)\n' +
    '            no extension\n' +
    "              Field 'browser' doesn't contain a valid alias configuration\n" +
    "              /Users/KhulnaSoft/gitexc/node_modules/vue doesn't exist\n" +
    '            .js\n' +
    "              Field 'browser' doesn't contain a valid alias configuration\n" +
    "              /Users/KhulnaSoft/gitexc/node_modules/vue.js doesn't exist\n" +
    '            .jsx\n' +
    "              Field 'browser' doesn't contain a valid alias configuration\n" +
    "              /Users/KhulnaSoft/gitexc/node_modules/vue.jsx doesn't exist\n" +
    '            .ts\n' +
    "              Field 'browser' doesn't contain a valid alias configuration\n" +
    "              /Users/KhulnaSoft/gitexc/node_modules/vue.ts doesn't exist\n" +
    '            .tsx\n' +
    "              Field 'browser' doesn't contain a valid alias configuration\n" +
    "              /Users/KhulnaSoft/gitexc/node_modules/vue.tsx doesn't exist\n" +
    '            .vue\n' +
    "              Field 'browser' doesn't contain a valid alias configuration\n" +
    "              /Users/KhulnaSoft/gitexc/node_modules/vue.vue doesn't exist\n" +
    '            .json\n' +
    "              Field 'browser' doesn't contain a valid alias configuration\n" +
    "              /Users/KhulnaSoft/gitexc/node_modules/vue.json doesn't exist\n" +
    "        /Users/KhulnaSoft/gitexc/node_modules/vue doesn't exist\n" +
    "      /Users/KhulnaSoft/node_modules doesn't exist or is not a directory\n" +
    "      /Users/node_modules doesn't exist or is not a directory\n" +
    "      /node_modules doesn't exist or is not a directory",
  stack: "ModuleNotFoundError: Module not found: Error: Can't resolve 'vue' in '/Users/KhulnaSoft/gitexc/docs/.vuepress/.temp/pages'\n" +
    '    at /Users/KhulnaSoft/gitexc/node_modules/.pnpm/webpack@5.103.0/node_modules/webpack/lib/Compilation.js:2052:28\n' +
    '    at /Users/KhulnaSoft/gitexc/node_modules/.pnpm/webpack@5.103.0/node_modules/webpack/lib/NormalModuleFactory.js:1031:13\n' +
    '    at eval (eval at create (/Users/KhulnaSoft/gitexc/node_modules/.pnpm/tapable@2.3.0/node_modules/tapable/lib/HookCodeFactory.js:31:10), <anonymous>:10:1)\n' +
    '    at /Users/KhulnaSoft/gitexc/node_modules/.pnpm/webpack@5.103.0/node_modules/webpack/lib/NormalModuleFactory.js:432:22\n' +
    '    at eval (eval at create (/Users/KhulnaSoft/gitexc/node_modules/.pnpm/tapable@2.3.0/node_modules/tapable/lib/HookCodeFactory.js:31:10), <anonymous>:9:1)\n' +
    '    at /Users/KhulnaSoft/gitexc/node_modules/.pnpm/webpack@5.103.0/node_modules/webpack/lib/NormalModuleFactory.js:617:22\n' +
    '    at /Users/KhulnaSoft/gitexc/node_modules/.pnpm/webpack@5.103.0/node_modules/webpack/lib/NormalModuleFactory.js:179:10\n' +
    '    at /Users/KhulnaSoft/gitexc/node_modules/.pnpm/webpack@5.103.0/node_modules/webpack/lib/NormalModuleFactory.js:887:25\n' +
    '    at /Users/KhulnaSoft/gitexc/node_modules/.pnpm/webpack@5.103.0/node_modules/webpack/lib/NormalModuleFactory.js:1116:8\n' +
    '    at /Users/KhulnaSoft/gitexc/node_modules/.pnpm/webpack@5.103.0/node_modules/webpack/lib/NormalModuleFactory.js:1245:5',
  compilerPath: undefined
}
{
  moduleIdentifier: 'javascript/esm|/Users/KhulnaSoft/gitexc/node_modules/.pnpm/@vuepress+plugin-theme-data@2.0.0-rc.7_typescript@5.9.3_vuepress@2.0.0-rc.7/node_modules/@vuepress/plugin-theme-data/lib/client/config.js',
  moduleName: '../../node_modules/.pnpm/@vuepress+plugin-theme-data@2.0.0-rc.7_typescript@5.9.3_vuepress@2.0.0-rc.7/node_modules/@vuepress/plugin-theme-data/lib/client/config.js',
  loc: '9:50-67',
  message: "export 'routeLocaleSymbol' (imported as 'routeLocaleSymbol') was not found in 'vuepress/client' (possible exports: ClientOnly, Content, RouteLink, clientDataSymbol, defineClientConfig, resolveRoute, resolveRoutePath, resolvers, updateHeadSymbol, useClientData, useLayouts, usePageComponent, usePageData, usePageFrontmatter, usePageHead, usePageLang, usePageLayout, useRedirects, useRoute, useRouteLocale, useRoutePath, useRouter, useRoutes, useSiteData, useSiteLocaleData, useUpdateHead, withBase)",
  moduleId: 576,
  moduleTrace: [
    {
      originIdentifier: 'javascript/esm|/Users/KhulnaSoft/gitexc/docs/.vuepress/.temp/internal/clientConfigs.js',
      originName: './.temp/internal/clientConfigs.js',
      moduleIdentifier: 'javascript/esm|/Users/KhulnaSoft/gitexc/node_modules/.pnpm/@vuepress+plugin-theme-data@2.0.0-rc.7_typescript@5.9.3_vuepress@2.0.0-rc.7/node_modules/@vuepress/plugin-theme-data/lib/client/config.js',
      moduleName: '../../node_modules/.pnpm/@vuepress+plugin-theme-data@2.0.0-rc.7_typescript@5.9.3_vuepress@2.0.0-rc.7/node_modules/@vuepress/plugin-theme-data/lib/client/config.js',
      dependencies: [Array],
      originId: 255,
      moduleId: 576
    },
    {
      originIdentifier: 'javascript/esm|/Users/KhulnaSoft/gitexc/node_modules/.pnpm/@vuepress+client@2.0.0-rc.7_typescript@5.9.3/node_modules/@vuepress/client/dist/app.js',
      originName: '../../node_modules/.pnpm/@vuepress+client@2.0.0-rc.7_typescript@5.9.3/node_modules/@vuepress/client/dist/app.js',
      moduleIdentifier: 'javascript/esm|/Users/KhulnaSoft/gitexc/docs/.vuepress/.temp/internal/clientConfigs.js',
      moduleName: './.temp/internal/clientConfigs.js',
      dependencies: [Array],
      originId: 915,
      moduleId: 255
    }
  ],
  details: undefined,
  stack: '    at HarmonyImportSpecifierDependency.getLinkingErrors (/Users/KhulnaSoft/gitexc/node_modules/.pnpm/webpack@5.103.0/node_modules/webpack/lib/dependencies/HarmonyImportDependency.js:218:8)\n' +
    '    at HarmonyImportSpecifierDependency._getErrors (/Users/KhulnaSoft/gitexc/node_modules/.pnpm/webpack@5.103.0/node_modules/webpack/lib/dependencies/HarmonyImportSpecifierDependency.js:267:15)\n' +
    '    at HarmonyImportSpecifierDependency.getErrors (/Users/KhulnaSoft/gitexc/node_modules/.pnpm/webpack@5.103.0/node_modules/webpack/lib/dependencies/HarmonyImportSpecifierDependency.js:256:16)\n' +
    '    at Compilation.reportDependencyErrorsAndWarnings (/Users/KhulnaSoft/gitexc/node_modules/.pnpm/webpack@5.103.0/node_modules/webpack/lib/Compilation.js:3537:22)\n' +
    '    at /Users/KhulnaSoft/gitexc/node_modules/.pnpm/webpack@5.103.0/node_modules/webpack/lib/Compilation.js:3094:28\n' +
    '    at _next2 (eval at create (/Users/KhulnaSoft/gitexc/node_modules/.pnpm/tapable@2.3.0/node_modules/tapable/lib/HookCodeFactory.js:31:10), <anonymous>:25:1)\n' +
    '    at eval (eval at create (/Users/KhulnaSoft/gitexc/node_modules/.pnpm/tapable@2.3.0/node_modules/tapable/lib/HookCodeFactory.js:31:10), <anonymous>:52:1)\n' +
    '    at /Users/KhulnaSoft/gitexc/node_modules/.pnpm/webpack@5.103.0/node_modules/webpack/lib/FlagDependencyExportsPlugin.js:404:10\n' +
    '    at /Users/KhulnaSoft/gitexc/node_modules/.pnpm/neo-async@2.6.2/node_modules/neo-async/async.js:2830:7\n' +
    '    at Object.each (/Users/KhulnaSoft/gitexc/node_modules/.pnpm/neo-async@2.6.2/node_modules/neo-async/async.js:2857:9)\n' +
    '\n' +
    "ModuleDependencyError: export 'routeLocaleSymbol' (imported as 'routeLocaleSymbol') was not found in 'vuepress/client' (possible exports: ClientOnly, Content, RouteLink, clientDataSymbol, defineClientConfig, resolveRoute, resolveRoutePath, resolvers, updateHeadSymbol, useClientData, useLayouts, usePageComponent, usePageData, usePageFrontmatter, usePageHead, usePageLang, usePageLayout, useRedirects, useRoute, useRouteLocale, useRoutePath, useRouter, useRoutes, useSiteData, useSiteLocaleData, useUpdateHead, withBase)\n" +
    '    at Compilation.reportDependencyErrorsAndWarnings (/Users/KhulnaSoft/gitexc/node_modules/.pnpm/webpack@5.103.0/node_modules/webpack/lib/Compilation.js:3540:21)\n' +
    '    at /Users/KhulnaSoft/gitexc/node_modules/.pnpm/webpack@5.103.0/node_modules/webpack/lib/Compilation.js:3094:28\n' +
    '    at _next2 (eval at create (/Users/KhulnaSoft/gitexc/node_modules/.pnpm/tapable@2.3.0/node_modules/tapable/lib/HookCodeFactory.js:31:10), <anonymous>:25:1)\n' +
    '    at eval (eval at create (/Users/KhulnaSoft/gitexc/node_modules/.pnpm/tapable@2.3.0/node_modules/tapable/lib/HookCodeFactory.js:31:10), <anonymous>:52:1)\n' +
    '    at /Users/KhulnaSoft/gitexc/node_modules/.pnpm/webpack@5.103.0/node_modules/webpack/lib/FlagDependencyExportsPlugin.js:404:10\n' +
    '    at /Users/KhulnaSoft/gitexc/node_modules/.pnpm/neo-async@2.6.2/node_modules/neo-async/async.js:2830:7\n' +
    '    at Object.each (/Users/KhulnaSoft/gitexc/node_modules/.pnpm/neo-async@2.6.2/node_modules/neo-async/async.js:2857:9)\n' +
    '    at /Users/KhulnaSoft/gitexc/node_modules/.pnpm/webpack@5.103.0/node_modules/webpack/lib/FlagDependencyExportsPlugin.js:374:17\n' +
    '    at /Users/KhulnaSoft/gitexc/node_modules/.pnpm/neo-async@2.6.2/node_modules/neo-async/async.js:2830:7\n' +
    '    at done (/Users/KhulnaSoft/gitexc/node_modules/.pnpm/neo-async@2.6.2/node_modules/neo-async/async.js:2865:11)',
  compilerPath: undefined
}
{
  moduleIdentifier: '/Users/KhulnaSoft/gitexc/node_modules/.pnpm/vue-loader@17.4.2_vue@3.5.25_webpack@5.103.0/node_modules/vue-loader/dist/templateLoader.js??ruleSet[1].rules[2]!/Users/KhulnaSoft/gitexc/node_modules/.pnpm/@vuepress+bundler-webpack@2.0.0-rc.7_typescript@5.9.3/node_modules/@vuepress/bundler-webpack/dist/vuepress-loader.cjs!/Users/KhulnaSoft/gitexc/node_modules/.pnpm/vue-loader@17.4.2_vue@3.5.25_webpack@5.103.0/node_modules/vue-loader/dist/index.js??ruleSet[0].use[1]!/Users/KhulnaSoft/gitexc/docs/.vuepress/.temp/pages/guide/index.html.vue?vue&type=template&id=f39db816',
  moduleName: '../../node_modules/.pnpm/vue-loader@17.4.2_vue@3.5.25_webpack@5.103.0/node_modules/vue-loader/dist/templateLoader.js??ruleSet[1].rules[2]!../../node_modules/.pnpm/@vuepress+bundler-webpack@2.0.0-rc.7_typescript@5.9.3/node_modules/@vuepress/bundler-webpack/dist/vuepress-loader.cjs!../../node_modules/.pnpm/vue-loader@17.4.2_vue@3.5.25_webpack@5.103.0/node_modules/vue-loader/dist/index.js??ruleSet[0].use[1]!./.temp/pages/guide/index.html.vue?vue&type=template&id=f39db816',
  loc: '2:0-114',
  message: "Module not found: Error: Can't resolve 'vue/server-renderer' in '/Users/KhulnaSoft/gitexc/docs/.vuepress/.temp/pages/guide'",
  moduleId: null,
  moduleTrace: [
    {
      originIdentifier: '/Users/KhulnaSoft/gitexc/node_modules/.pnpm/vue-loader@17.4.2_vue@3.5.25_webpack@5.103.0/node_modules/vue-loader/dist/pitcher.js??ruleSet[1].rules[0]!/Users/KhulnaSoft/gitexc/node_modules/.pnpm/vue-loader@17.4.2_vue@3.5.25_webpack@5.103.0/node_modules/vue-loader/dist/templateLoader.js??ruleSet[1].rules[2]!/Users/KhulnaSoft/gitexc/node_modules/.pnpm/@vuepress+bundler-webpack@2.0.0-rc.7_typescript@5.9.3/node_modules/@vuepress/bundler-webpack/dist/vuepress-loader.cjs!/Users/KhulnaSoft/gitexc/node_modules/.pnpm/vue-loader@17.4.2_vue@3.5.25_webpack@5.103.0/node_modules/vue-loader/dist/index.js??ruleSet[0].use[1]!/Users/KhulnaSoft/gitexc/docs/.vuepress/.temp/pages/guide/index.html.vue?vue&type=template&id=f39db816',
      originName: './.temp/pages/guide/index.html.vue?vue&type=template&id=f39db816',
      moduleIdentifier: '/Users/KhulnaSoft/gitexc/node_modules/.pnpm/vue-loader@17.4.2_vue@3.5.25_webpack@5.103.0/node_modules/vue-loader/dist/templateLoader.js??ruleSet[1].rules[2]!/Users/KhulnaSoft/gitexc/node_modules/.pnpm/@vuepress+bundler-webpack@2.0.0-rc.7_typescript@5.9.3/node_modules/@vuepress/bundler-webpack/dist/vuepress-loader.cjs!/Users/KhulnaSoft/gitexc/node_modules/.pnpm/vue-loader@17.4.2_vue@3.5.25_webpack@5.103.0/node_modules/vue-loader/dist/index.js??ruleSet[0].use[1]!/Users/KhulnaSoft/gitexc/docs/.vuepress/.temp/pages/guide/index.html.vue?vue&type=template&id=f39db816',
      moduleName: '../../node_modules/.pnpm/vue-loader@17.4.2_vue@3.5.25_webpack@5.103.0/node_modules/vue-loader/dist/templateLoader.js??ruleSet[1].rules[2]!../../node_modules/.pnpm/@vuepress+bundler-webpack@2.0.0-rc.7_typescript@5.9.3/node_modules/@vuepress/bundler-webpack/dist/vuepress-loader.cjs!../../node_modules/.pnpm/vue-loader@17.4.2_vue@3.5.25_webpack@5.103.0/node_modules/vue-loader/dist/index.js??ruleSet[0].use[1]!./.temp/pages/guide/index.html.vue?vue&type=template&id=f39db816',
      dependencies: [Array],
      originId: null,
      moduleId: null
    },
    {
      originIdentifier: '/Users/KhulnaSoft/gitexc/node_modules/.pnpm/@vuepress+bundler-webpack@2.0.0-rc.7_typescript@5.9.3/node_modules/@vuepress/bundler-webpack/dist/vuepress-loader.cjs!/Users/KhulnaSoft/gitexc/node_modules/.pnpm/vue-loader@17.4.2_vue@3.5.25_webpack@5.103.0/node_modules/vue-loader/dist/index.js??ruleSet[0].use[1]!/Users/KhulnaSoft/gitexc/docs/.vuepress/.temp/pages/guide/index.html.vue',
      originName: './.temp/pages/guide/index.html.vue',
      moduleIdentifier: '/Users/KhulnaSoft/gitexc/node_modules/.pnpm/vue-loader@17.4.2_vue@3.5.25_webpack@5.103.0/node_modules/vue-loader/dist/pitcher.js??ruleSet[1].rules[0]!/Users/KhulnaSoft/gitexc/node_modules/.pnpm/vue-loader@17.4.2_vue@3.5.25_webpack@5.103.0/node_modules/vue-loader/dist/templateLoader.js??ruleSet[1].rules[2]!/Users/KhulnaSoft/gitexc/node_modules/.pnpm/@vuepress+bundler-webpack@2.0.0-rc.7_typescript@5.9.3/node_modules/@vuepress/bundler-webpack/dist/vuepress-loader.cjs!/Users/KhulnaSoft/gitexc/node_modules/.pnpm/vue-loader@17.4.2_vue@3.5.25_webpack@5.103.0/node_modules/vue-loader/dist/index.js??ruleSet[0].use[1]!/Users/KhulnaSoft/gitexc/docs/.vuepress/.temp/pages/guide/index.html.vue?vue&type=template&id=f39db816',
      moduleName: './.temp/pages/guide/index.html.vue?vue&type=template&id=f39db816',
      dependencies: [Array],
      originId: null,
      moduleId: null
    },
    {
      originIdentifier: 'javascript/esm|/Users/KhulnaSoft/gitexc/docs/.vuepress/.temp/pages/guide/index.html.js',
      originName: './.temp/pages/guide/index.html.js',
      moduleIdentifier: '/Users/KhulnaSoft/gitexc/node_modules/.pnpm/@vuepress+bundler-webpack@2.0.0-rc.7_typescript@5.9.3/node_modules/@vuepress/bundler-webpack/dist/vuepress-loader.cjs!/Users/KhulnaSoft/gitexc/node_modules/.pnpm/vue-loader@17.4.2_vue@3.5.25_webpack@5.103.0/node_modules/vue-loader/dist/index.js??ruleSet[0].use[1]!/Users/KhulnaSoft/gitexc/docs/.vuepress/.temp/pages/guide/index.html.vue',
      moduleName: './.temp/pages/guide/index.html.vue',
      dependencies: [Array],
      originId: null,
      moduleId: null
    },
    {
      originIdentifier: 'javascript/esm|/Users/KhulnaSoft/gitexc/docs/.vuepress/.temp/internal/routes.js',
      originName: './.temp/internal/routes.js',
      moduleIdentifier: 'javascript/esm|/Users/KhulnaSoft/gitexc/docs/.vuepress/.temp/pages/guide/index.html.js',
      moduleName: './.temp/pages/guide/index.html.js',
      dependencies: [],
      originId: null,
      moduleId: null
    },
    {
      originIdentifier: 'javascript/esm|/Users/KhulnaSoft/gitexc/node_modules/.pnpm/@vuepress+client@2.0.0-rc.7_typescript@5.9.3/node_modules/@vuepress/client/dist/chunk-VWNFZFFH.js',
      originName: '../../node_modules/.pnpm/@vuepress+client@2.0.0-rc.7_typescript@5.9.3/node_modules/@vuepress/client/dist/chunk-VWNFZFFH.js',
      moduleIdentifier: 'javascript/esm|/Users/KhulnaSoft/gitexc/docs/.vuepress/.temp/internal/routes.js',
      moduleName: './.temp/internal/routes.js',
      dependencies: [Array],
      originId: null,
      moduleId: null
    },
    {
      originIdentifier: 'javascript/esm|/Users/KhulnaSoft/gitexc/node_modules/.pnpm/@vuepress+client@2.0.0-rc.7_typescript@5.9.3/node_modules/@vuepress/client/dist/app.js',
      originName: '../../node_modules/.pnpm/@vuepress+client@2.0.0-rc.7_typescript@5.9.3/node_modules/@vuepress/client/dist/app.js',
      moduleIdentifier: 'javascript/esm|/Users/KhulnaSoft/gitexc/node_modules/.pnpm/@vuepress+client@2.0.0-rc.7_typescript@5.9.3/node_modules/@vuepress/client/dist/chunk-VWNFZFFH.js',
      moduleName: '../../node_modules/.pnpm/@vuepress+client@2.0.0-rc.7_typescript@5.9.3/node_modules/@vuepress/client/dist/chunk-VWNFZFFH.js',
      dependencies: [Array],
      originId: null,
      moduleId: null
    }
  ],
  details: "resolve 'vue/server-renderer' in '/Users/KhulnaSoft/gitexc/docs/.vuepress/.temp/pages/guide'\n" +
    '  Parsed request is a module\n' +
    '  using description file: /Users/KhulnaSoft/gitexc/docs/.vuepress/package.json (relative path: ./.temp/pages/guide)\n' +
    '    resolve as module\n' +
    "      /Users/KhulnaSoft/gitexc/docs/.vuepress/.temp/pages/guide/node_modules doesn't exist or is not a directory\n" +
    "      /Users/KhulnaSoft/gitexc/docs/.vuepress/.temp/pages/node_modules doesn't exist or is not a directory\n" +
    "      /Users/KhulnaSoft/gitexc/docs/.vuepress/.temp/node_modules doesn't exist or is not a directory\n" +
    '      looking for modules in /Users/KhulnaSoft/gitexc/docs/.vuepress/node_modules\n' +
    "        /Users/KhulnaSoft/gitexc/docs/.vuepress/node_modules/vue doesn't exist\n" +
    "      /Users/KhulnaSoft/gitexc/docs/node_modules doesn't exist or is not a directory\n" +
    '      looking for modules in /Users/KhulnaSoft/gitexc/node_modules\n' +
    "        /Users/KhulnaSoft/gitexc/node_modules/vue doesn't exist\n" +
    "      /Users/KhulnaSoft/node_modules doesn't exist or is not a directory\n" +
    "      /Users/node_modules doesn't exist or is not a directory\n" +
    "      /node_modules doesn't exist or is not a directory",
  stack: "ModuleNotFoundError: Module not found: Error: Can't resolve 'vue/server-renderer' in '/Users/KhulnaSoft/gitexc/docs/.vuepress/.temp/pages/guide'\n" +
    '    at /Users/KhulnaSoft/gitexc/node_modules/.pnpm/webpack@5.103.0/node_modules/webpack/lib/Compilation.js:2052:28\n' +
    '    at /Users/KhulnaSoft/gitexc/node_modules/.pnpm/webpack@5.103.0/node_modules/webpack/lib/NormalModuleFactory.js:1031:13\n' +
    '    at eval (eval at create (/Users/KhulnaSoft/gitexc/node_modules/.pnpm/tapable@2.3.0/node_modules/tapable/lib/HookCodeFactory.js:31:10), <anonymous>:10:1)\n' +
    '    at /Users/KhulnaSoft/gitexc/node_modules/.pnpm/webpack@5.103.0/node_modules/webpack/lib/NormalModuleFactory.js:432:22\n' +
    '    at eval (eval at create (/Users/KhulnaSoft/gitexc/node_modules/.pnpm/tapable@2.3.0/node_modules/tapable/lib/HookCodeFactory.js:31:10), <anonymous>:9:1)\n' +
    '    at /Users/KhulnaSoft/gitexc/node_modules/.pnpm/webpack@5.103.0/node_modules/webpack/lib/NormalModuleFactory.js:617:22\n' +
    '    at /Users/KhulnaSoft/gitexc/node_modules/.pnpm/webpack@5.103.0/node_modules/webpack/lib/NormalModuleFactory.js:179:10\n' +
    '    at /Users/KhulnaSoft/gitexc/node_modules/.pnpm/webpack@5.103.0/node_modules/webpack/lib/NormalModuleFactory.js:887:25\n' +
    '    at /Users/KhulnaSoft/gitexc/node_modules/.pnpm/webpack@5.103.0/node_modules/webpack/lib/NormalModuleFactory.js:1116:8\n' +
    '    at /Users/KhulnaSoft/gitexc/node_modules/.pnpm/webpack@5.103.0/node_modules/webpack/lib/NormalModuleFactory.js:1245:5',
  compilerPath: undefined
}
{
  moduleIdentifier: '/Users/KhulnaSoft/gitexc/node_modules/.pnpm/vue-loader@17.4.2_vue@3.5.25_webpack@5.103.0/node_modules/vue-loader/dist/templateLoader.js??ruleSet[1].rules[2]!/Users/KhulnaSoft/gitexc/node_modules/.pnpm/@vuepress+bundler-webpack@2.0.0-rc.7_typescript@5.9.3/node_modules/@vuepress/bundler-webpack/dist/vuepress-loader.cjs!/Users/KhulnaSoft/gitexc/node_modules/.pnpm/vue-loader@17.4.2_vue@3.5.25_webpack@5.103.0/node_modules/vue-loader/dist/index.js??ruleSet[0].use[1]!/Users/KhulnaSoft/gitexc/docs/.vuepress/.temp/pages/index.html.vue?vue&type=template&id=47eae836',
  moduleName: '../../node_modules/.pnpm/vue-loader@17.4.2_vue@3.5.25_webpack@5.103.0/node_modules/vue-loader/dist/templateLoader.js??ruleSet[1].rules[2]!../../node_modules/.pnpm/@vuepress+bundler-webpack@2.0.0-rc.7_typescript@5.9.3/node_modules/@vuepress/bundler-webpack/dist/vuepress-loader.cjs!../../node_modules/.pnpm/vue-loader@17.4.2_vue@3.5.25_webpack@5.103.0/node_modules/vue-loader/dist/index.js??ruleSet[0].use[1]!./.temp/pages/index.html.vue?vue&type=template&id=47eae836',
  loc: '2:0-149',
  message: "Module not found: Error: Can't resolve 'vue/server-renderer' in '/Users/KhulnaSoft/gitexc/docs/.vuepress/.temp/pages'",
  moduleId: null,
  moduleTrace: [
    {
      originIdentifier: '/Users/KhulnaSoft/gitexc/node_modules/.pnpm/vue-loader@17.4.2_vue@3.5.25_webpack@5.103.0/node_modules/vue-loader/dist/pitcher.js??ruleSet[1].rules[0]!/Users/KhulnaSoft/gitexc/node_modules/.pnpm/vue-loader@17.4.2_vue@3.5.25_webpack@5.103.0/node_modules/vue-loader/dist/templateLoader.js??ruleSet[1].rules[2]!/Users/KhulnaSoft/gitexc/node_modules/.pnpm/@vuepress+bundler-webpack@2.0.0-rc.7_typescript@5.9.3/node_modules/@vuepress/bundler-webpack/dist/vuepress-loader.cjs!/Users/KhulnaSoft/gitexc/node_modules/.pnpm/vue-loader@17.4.2_vue@3.5.25_webpack@5.103.0/node_modules/vue-loader/dist/index.js??ruleSet[0].use[1]!/Users/KhulnaSoft/gitexc/docs/.vuepress/.temp/pages/index.html.vue?vue&type=template&id=47eae836',
      originName: './.temp/pages/index.html.vue?vue&type=template&id=47eae836',
      moduleIdentifier: '/Users/KhulnaSoft/gitexc/node_modules/.pnpm/vue-loader@17.4.2_vue@3.5.25_webpack@5.103.0/node_modules/vue-loader/dist/templateLoader.js??ruleSet[1].rules[2]!/Users/KhulnaSoft/gitexc/node_modules/.pnpm/@vuepress+bundler-webpack@2.0.0-rc.7_typescript@5.9.3/node_modules/@vuepress/bundler-webpack/dist/vuepress-loader.cjs!/Users/KhulnaSoft/gitexc/node_modules/.pnpm/vue-loader@17.4.2_vue@3.5.25_webpack@5.103.0/node_modules/vue-loader/dist/index.js??ruleSet[0].use[1]!/Users/KhulnaSoft/gitexc/docs/.vuepress/.temp/pages/index.html.vue?vue&type=template&id=47eae836',
      moduleName: '../../node_modules/.pnpm/vue-loader@17.4.2_vue@3.5.25_webpack@5.103.0/node_modules/vue-loader/dist/templateLoader.js??ruleSet[1].rules[2]!../../node_modules/.pnpm/@vuepress+bundler-webpack@2.0.0-rc.7_typescript@5.9.3/node_modules/@vuepress/bundler-webpack/dist/vuepress-loader.cjs!../../node_modules/.pnpm/vue-loader@17.4.2_vue@3.5.25_webpack@5.103.0/node_modules/vue-loader/dist/index.js??ruleSet[0].use[1]!./.temp/pages/index.html.vue?vue&type=template&id=47eae836',
      dependencies: [Array],
      originId: null,
      moduleId: null
    },
    {
      originIdentifier: '/Users/KhulnaSoft/gitexc/node_modules/.pnpm/@vuepress+bundler-webpack@2.0.0-rc.7_typescript@5.9.3/node_modules/@vuepress/bundler-webpack/dist/vuepress-loader.cjs!/Users/KhulnaSoft/gitexc/node_modules/.pnpm/vue-loader@17.4.2_vue@3.5.25_webpack@5.103.0/node_modules/vue-loader/dist/index.js??ruleSet[0].use[1]!/Users/KhulnaSoft/gitexc/docs/.vuepress/.temp/pages/index.html.vue',
      originName: './.temp/pages/index.html.vue',
      moduleIdentifier: '/Users/KhulnaSoft/gitexc/node_modules/.pnpm/vue-loader@17.4.2_vue@3.5.25_webpack@5.103.0/node_modules/vue-loader/dist/pitcher.js??ruleSet[1].rules[0]!/Users/KhulnaSoft/gitexc/node_modules/.pnpm/vue-loader@17.4.2_vue@3.5.25_webpack@5.103.0/node_modules/vue-loader/dist/templateLoader.js??ruleSet[1].rules[2]!/Users/KhulnaSoft/gitexc/node_modules/.pnpm/@vuepress+bundler-webpack@2.0.0-rc.7_typescript@5.9.3/node_modules/@vuepress/bundler-webpack/dist/vuepress-loader.cjs!/Users/KhulnaSoft/gitexc/node_modules/.pnpm/vue-loader@17.4.2_vue@3.5.25_webpack@5.103.0/node_modules/vue-loader/dist/index.js??ruleSet[0].use[1]!/Users/KhulnaSoft/gitexc/docs/.vuepress/.temp/pages/index.html.vue?vue&type=template&id=47eae836',
      moduleName: './.temp/pages/index.html.vue?vue&type=template&id=47eae836',
      dependencies: [Array],
      originId: null,
      moduleId: null
    },
    {
      originIdentifier: 'javascript/esm|/Users/KhulnaSoft/gitexc/docs/.vuepress/.temp/pages/index.html.js',
      originName: './.temp/pages/index.html.js',
      moduleIdentifier: '/Users/KhulnaSoft/gitexc/node_modules/.pnpm/@vuepress+bundler-webpack@2.0.0-rc.7_typescript@5.9.3/node_modules/@vuepress/bundler-webpack/dist/vuepress-loader.cjs!/Users/KhulnaSoft/gitexc/node_modules/.pnpm/vue-loader@17.4.2_vue@3.5.25_webpack@5.103.0/node_modules/vue-loader/dist/index.js??ruleSet[0].use[1]!/Users/KhulnaSoft/gitexc/docs/.vuepress/.temp/pages/index.html.vue',
      moduleName: './.temp/pages/index.html.vue',
      dependencies: [Array],
      originId: null,
      moduleId: null
    },
    {
      originIdentifier: 'javascript/esm|/Users/KhulnaSoft/gitexc/docs/.vuepress/.temp/internal/routes.js',
      originName: './.temp/internal/routes.js',
      moduleIdentifier: 'javascript/esm|/Users/KhulnaSoft/gitexc/docs/.vuepress/.temp/pages/index.html.js',
      moduleName: './.temp/pages/index.html.js',
      dependencies: [],
      originId: null,
      moduleId: null
    },
    {
      originIdentifier: 'javascript/esm|/Users/KhulnaSoft/gitexc/node_modules/.pnpm/@vuepress+client@2.0.0-rc.7_typescript@5.9.3/node_modules/@vuepress/client/dist/chunk-VWNFZFFH.js',
      originName: '../../node_modules/.pnpm/@vuepress+client@2.0.0-rc.7_typescript@5.9.3/node_modules/@vuepress/client/dist/chunk-VWNFZFFH.js',
      moduleIdentifier: 'javascript/esm|/Users/KhulnaSoft/gitexc/docs/.vuepress/.temp/internal/routes.js',
      moduleName: './.temp/internal/routes.js',
      dependencies: [Array],
      originId: null,
      moduleId: null
    },
    {
      originIdentifier: 'javascript/esm|/Users/KhulnaSoft/gitexc/node_modules/.pnpm/@vuepress+client@2.0.0-rc.7_typescript@5.9.3/node_modules/@vuepress/client/dist/app.js',
      originName: '../../node_modules/.pnpm/@vuepress+client@2.0.0-rc.7_typescript@5.9.3/node_modules/@vuepress/client/dist/app.js',
      moduleIdentifier: 'javascript/esm|/Users/KhulnaSoft/gitexc/node_modules/.pnpm/@vuepress+client@2.0.0-rc.7_typescript@5.9.3/node_modules/@vuepress/client/dist/chunk-VWNFZFFH.js',
      moduleName: '../../node_modules/.pnpm/@vuepress+client@2.0.0-rc.7_typescript@5.9.3/node_modules/@vuepress/client/dist/chunk-VWNFZFFH.js',
      dependencies: [Array],
      originId: null,
      moduleId: null
    }
  ],
  details: "resolve 'vue/server-renderer' in '/Users/KhulnaSoft/gitexc/docs/.vuepress/.temp/pages'\n" +
    '  Parsed request is a module\n' +
    '  using description file: /Users/KhulnaSoft/gitexc/docs/.vuepress/package.json (relative path: ./.temp/pages)\n' +
    '    resolve as module\n' +
    "      /Users/KhulnaSoft/gitexc/docs/.vuepress/.temp/pages/node_modules doesn't exist or is not a directory\n" +
    "      /Users/KhulnaSoft/gitexc/docs/.vuepress/.temp/node_modules doesn't exist or is not a directory\n" +
    '      looking for modules in /Users/KhulnaSoft/gitexc/docs/.vuepress/node_modules\n' +
    "        /Users/KhulnaSoft/gitexc/docs/.vuepress/node_modules/vue doesn't exist\n" +
    "      /Users/KhulnaSoft/gitexc/docs/node_modules doesn't exist or is not a directory\n" +
    '      looking for modules in /Users/KhulnaSoft/gitexc/node_modules\n' +
    "        /Users/KhulnaSoft/gitexc/node_modules/vue doesn't exist\n" +
    "      /Users/KhulnaSoft/node_modules doesn't exist or is not a directory\n" +
    "      /Users/node_modules doesn't exist or is not a directory\n" +
    "      /node_modules doesn't exist or is not a directory",
  stack: "ModuleNotFoundError: Module not found: Error: Can't resolve 'vue/server-renderer' in '/Users/KhulnaSoft/gitexc/docs/.vuepress/.temp/pages'\n" +
    '    at /Users/KhulnaSoft/gitexc/node_modules/.pnpm/webpack@5.103.0/node_modules/webpack/lib/Compilation.js:2052:28\n' +
    '    at /Users/KhulnaSoft/gitexc/node_modules/.pnpm/webpack@5.103.0/node_modules/webpack/lib/NormalModuleFactory.js:1031:13\n' +
    '    at eval (eval at create (/Users/KhulnaSoft/gitexc/node_modules/.pnpm/tapable@2.3.0/node_modules/tapable/lib/HookCodeFactory.js:31:10), <anonymous>:10:1)\n' +
    '    at /Users/KhulnaSoft/gitexc/node_modules/.pnpm/webpack@5.103.0/node_modules/webpack/lib/NormalModuleFactory.js:432:22\n' +
    '    at eval (eval at create (/Users/KhulnaSoft/gitexc/node_modules/.pnpm/tapable@2.3.0/node_modules/tapable/lib/HookCodeFactory.js:31:10), <anonymous>:9:1)\n' +
    '    at /Users/KhulnaSoft/gitexc/node_modules/.pnpm/webpack@5.103.0/node_modules/webpack/lib/NormalModuleFactory.js:617:22\n' +
    '    at /Users/KhulnaSoft/gitexc/node_modules/.pnpm/webpack@5.103.0/node_modules/webpack/lib/NormalModuleFactory.js:179:10\n' +
    '    at /Users/KhulnaSoft/gitexc/node_modules/.pnpm/webpack@5.103.0/node_modules/webpack/lib/NormalModuleFactory.js:887:25\n' +
    '    at /Users/KhulnaSoft/gitexc/node_modules/.pnpm/webpack@5.103.0/node_modules/webpack/lib/NormalModuleFactory.js:1116:8\n' +
    '    at /Users/KhulnaSoft/gitexc/node_modules/.pnpm/webpack@5.103.0/node_modules/webpack/lib/NormalModuleFactory.js:1245:5',
  compilerPath: undefined
}
{
  moduleIdentifier: '/Users/KhulnaSoft/gitexc/node_modules/.pnpm/vue-loader@17.4.2_vue@3.5.25_webpack@5.103.0/node_modules/vue-loader/dist/templateLoader.js??ruleSet[1].rules[2]!/Users/KhulnaSoft/gitexc/node_modules/.pnpm/@vuepress+bundler-webpack@2.0.0-rc.7_typescript@5.9.3/node_modules/@vuepress/bundler-webpack/dist/vuepress-loader.cjs!/Users/KhulnaSoft/gitexc/node_modules/.pnpm/vue-loader@17.4.2_vue@3.5.25_webpack@5.103.0/node_modules/vue-loader/dist/index.js??ruleSet[0].use[1]!/Users/KhulnaSoft/gitexc/docs/.vuepress/.temp/pages/404.html.vue?vue&type=template&id=69bd90fe',
  moduleName: '../../node_modules/.pnpm/vue-loader@17.4.2_vue@3.5.25_webpack@5.103.0/node_modules/vue-loader/dist/templateLoader.js??ruleSet[1].rules[2]!../../node_modules/.pnpm/@vuepress+bundler-webpack@2.0.0-rc.7_typescript@5.9.3/node_modules/@vuepress/bundler-webpack/dist/vuepress-loader.cjs!../../node_modules/.pnpm/vue-loader@17.4.2_vue@3.5.25_webpack@5.103.0/node_modules/vue-loader/dist/index.js??ruleSet[0].use[1]!./.temp/pages/404.html.vue?vue&type=template&id=69bd90fe',
  loc: '1:0-71',
  message: "Module not found: Error: Can't resolve 'vue/server-renderer' in '/Users/KhulnaSoft/gitexc/docs/.vuepress/.temp/pages'",
  moduleId: null,
  moduleTrace: [
    {
      originIdentifier: '/Users/KhulnaSoft/gitexc/node_modules/.pnpm/vue-loader@17.4.2_vue@3.5.25_webpack@5.103.0/node_modules/vue-loader/dist/pitcher.js??ruleSet[1].rules[0]!/Users/KhulnaSoft/gitexc/node_modules/.pnpm/vue-loader@17.4.2_vue@3.5.25_webpack@5.103.0/node_modules/vue-loader/dist/templateLoader.js??ruleSet[1].rules[2]!/Users/KhulnaSoft/gitexc/node_modules/.pnpm/@vuepress+bundler-webpack@2.0.0-rc.7_typescript@5.9.3/node_modules/@vuepress/bundler-webpack/dist/vuepress-loader.cjs!/Users/KhulnaSoft/gitexc/node_modules/.pnpm/vue-loader@17.4.2_vue@3.5.25_webpack@5.103.0/node_modules/vue-loader/dist/index.js??ruleSet[0].use[1]!/Users/KhulnaSoft/gitexc/docs/.vuepress/.temp/pages/404.html.vue?vue&type=template&id=69bd90fe',
      originName: './.temp/pages/404.html.vue?vue&type=template&id=69bd90fe',
      moduleIdentifier: '/Users/KhulnaSoft/gitexc/node_modules/.pnpm/vue-loader@17.4.2_vue@3.5.25_webpack@5.103.0/node_modules/vue-loader/dist/templateLoader.js??ruleSet[1].rules[2]!/Users/KhulnaSoft/gitexc/node_modules/.pnpm/@vuepress+bundler-webpack@2.0.0-rc.7_typescript@5.9.3/node_modules/@vuepress/bundler-webpack/dist/vuepress-loader.cjs!/Users/KhulnaSoft/gitexc/node_modules/.pnpm/vue-loader@17.4.2_vue@3.5.25_webpack@5.103.0/node_modules/vue-loader/dist/index.js??ruleSet[0].use[1]!/Users/KhulnaSoft/gitexc/docs/.vuepress/.temp/pages/404.html.vue?vue&type=template&id=69bd90fe',
      moduleName: '../../node_modules/.pnpm/vue-loader@17.4.2_vue@3.5.25_webpack@5.103.0/node_modules/vue-loader/dist/templateLoader.js??ruleSet[1].rules[2]!../../node_modules/.pnpm/@vuepress+bundler-webpack@2.0.0-rc.7_typescript@5.9.3/node_modules/@vuepress/bundler-webpack/dist/vuepress-loader.cjs!../../node_modules/.pnpm/vue-loader@17.4.2_vue@3.5.25_webpack@5.103.0/node_modules/vue-loader/dist/index.js??ruleSet[0].use[1]!./.temp/pages/404.html.vue?vue&type=template&id=69bd90fe',
      dependencies: [Array],
      originId: null,
      moduleId: null
    },
    {
      originIdentifier: '/Users/KhulnaSoft/gitexc/node_modules/.pnpm/@vuepress+bundler-webpack@2.0.0-rc.7_typescript@5.9.3/node_modules/@vuepress/bundler-webpack/dist/vuepress-loader.cjs!/Users/KhulnaSoft/gitexc/node_modules/.pnpm/vue-loader@17.4.2_vue@3.5.25_webpack@5.103.0/node_modules/vue-loader/dist/index.js??ruleSet[0].use[1]!/Users/KhulnaSoft/gitexc/docs/.vuepress/.temp/pages/404.html.vue',
      originName: './.temp/pages/404.html.vue',
      moduleIdentifier: '/Users/KhulnaSoft/gitexc/node_modules/.pnpm/vue-loader@17.4.2_vue@3.5.25_webpack@5.103.0/node_modules/vue-loader/dist/pitcher.js??ruleSet[1].rules[0]!/Users/KhulnaSoft/gitexc/node_modules/.pnpm/vue-loader@17.4.2_vue@3.5.25_webpack@5.103.0/node_modules/vue-loader/dist/templateLoader.js??ruleSet[1].rules[2]!/Users/KhulnaSoft/gitexc/node_modules/.pnpm/@vuepress+bundler-webpack@2.0.0-rc.7_typescript@5.9.3/node_modules/@vuepress/bundler-webpack/dist/vuepress-loader.cjs!/Users/KhulnaSoft/gitexc/node_modules/.pnpm/vue-loader@17.4.2_vue@3.5.25_webpack@5.103.0/node_modules/vue-loader/dist/index.js??ruleSet[0].use[1]!/Users/KhulnaSoft/gitexc/docs/.vuepress/.temp/pages/404.html.vue?vue&type=template&id=69bd90fe',
      moduleName: './.temp/pages/404.html.vue?vue&type=template&id=69bd90fe',
      dependencies: [Array],
      originId: null,
      moduleId: null
    },
    {
      originIdentifier: 'javascript/esm|/Users/KhulnaSoft/gitexc/docs/.vuepress/.temp/pages/404.html.js',
      originName: './.temp/pages/404.html.js',
      moduleIdentifier: '/Users/KhulnaSoft/gitexc/node_modules/.pnpm/@vuepress+bundler-webpack@2.0.0-rc.7_typescript@5.9.3/node_modules/@vuepress/bundler-webpack/dist/vuepress-loader.cjs!/Users/KhulnaSoft/gitexc/node_modules/.pnpm/vue-loader@17.4.2_vue@3.5.25_webpack@5.103.0/node_modules/vue-loader/dist/index.js??ruleSet[0].use[1]!/Users/KhulnaSoft/gitexc/docs/.vuepress/.temp/pages/404.html.vue',
      moduleName: './.temp/pages/404.html.vue',
      dependencies: [Array],
      originId: null,
      moduleId: null
    },
    {
      originIdentifier: 'javascript/esm|/Users/KhulnaSoft/gitexc/docs/.vuepress/.temp/internal/routes.js',
      originName: './.temp/internal/routes.js',
      moduleIdentifier: 'javascript/esm|/Users/KhulnaSoft/gitexc/docs/.vuepress/.temp/pages/404.html.js',
      moduleName: './.temp/pages/404.html.js',
      dependencies: [],
      originId: null,
      moduleId: null
    },
    {
      originIdentifier: 'javascript/esm|/Users/KhulnaSoft/gitexc/node_modules/.pnpm/@vuepress+client@2.0.0-rc.7_typescript@5.9.3/node_modules/@vuepress/client/dist/chunk-VWNFZFFH.js',
      originName: '../../node_modules/.pnpm/@vuepress+client@2.0.0-rc.7_typescript@5.9.3/node_modules/@vuepress/client/dist/chunk-VWNFZFFH.js',
      moduleIdentifier: 'javascript/esm|/Users/KhulnaSoft/gitexc/docs/.vuepress/.temp/internal/routes.js',
      moduleName: './.temp/internal/routes.js',
      dependencies: [Array],
      originId: null,
      moduleId: null
    },
    {
      originIdentifier: 'javascript/esm|/Users/KhulnaSoft/gitexc/node_modules/.pnpm/@vuepress+client@2.0.0-rc.7_typescript@5.9.3/node_modules/@vuepress/client/dist/app.js',
      originName: '../../node_modules/.pnpm/@vuepress+client@2.0.0-rc.7_typescript@5.9.3/node_modules/@vuepress/client/dist/app.js',
      moduleIdentifier: 'javascript/esm|/Users/KhulnaSoft/gitexc/node_modules/.pnpm/@vuepress+client@2.0.0-rc.7_typescript@5.9.3/node_modules/@vuepress/client/dist/chunk-VWNFZFFH.js',
      moduleName: '../../node_modules/.pnpm/@vuepress+client@2.0.0-rc.7_typescript@5.9.3/node_modules/@vuepress/client/dist/chunk-VWNFZFFH.js',
      dependencies: [Array],
      originId: null,
      moduleId: null
    }
  ],
  details: "resolve 'vue/server-renderer' in '/Users/KhulnaSoft/gitexc/docs/.vuepress/.temp/pages'\n" +
    '  Parsed request is a module\n' +
    '  using description file: /Users/KhulnaSoft/gitexc/docs/.vuepress/package.json (relative path: ./.temp/pages)\n' +
    '    resolve as module\n' +
    "      /Users/KhulnaSoft/gitexc/docs/.vuepress/.temp/pages/node_modules doesn't exist or is not a directory\n" +
    "      /Users/KhulnaSoft/gitexc/docs/.vuepress/.temp/node_modules doesn't exist or is not a directory\n" +
    '      looking for modules in /Users/KhulnaSoft/gitexc/docs/.vuepress/node_modules\n' +
    "        /Users/KhulnaSoft/gitexc/docs/.vuepress/node_modules/vue doesn't exist\n" +
    "      /Users/KhulnaSoft/gitexc/docs/node_modules doesn't exist or is not a directory\n" +
    '      looking for modules in /Users/KhulnaSoft/gitexc/node_modules\n' +
    "        /Users/KhulnaSoft/gitexc/node_modules/vue doesn't exist\n" +
    "      /Users/KhulnaSoft/node_modules doesn't exist or is not a directory\n" +
    "      /Users/node_modules doesn't exist or is not a directory\n" +
    "      /node_modules doesn't exist or is not a directory",
  stack: "ModuleNotFoundError: Module not found: Error: Can't resolve 'vue/server-renderer' in '/Users/KhulnaSoft/gitexc/docs/.vuepress/.temp/pages'\n" +
    '    at /Users/KhulnaSoft/gitexc/node_modules/.pnpm/webpack@5.103.0/node_modules/webpack/lib/Compilation.js:2052:28\n' +
    '    at /Users/KhulnaSoft/gitexc/node_modules/.pnpm/webpack@5.103.0/node_modules/webpack/lib/NormalModuleFactory.js:1031:13\n' +
    '    at eval (eval at create (/Users/KhulnaSoft/gitexc/node_modules/.pnpm/tapable@2.3.0/node_modules/tapable/lib/HookCodeFactory.js:31:10), <anonymous>:10:1)\n' +
    '    at /Users/KhulnaSoft/gitexc/node_modules/.pnpm/webpack@5.103.0/node_modules/webpack/lib/NormalModuleFactory.js:432:22\n' +
    '    at eval (eval at create (/Users/KhulnaSoft/gitexc/node_modules/.pnpm/tapable@2.3.0/node_modules/tapable/lib/HookCodeFactory.js:31:10), <anonymous>:9:1)\n' +
    '    at /Users/KhulnaSoft/gitexc/node_modules/.pnpm/webpack@5.103.0/node_modules/webpack/lib/NormalModuleFactory.js:617:22\n' +
    '    at /Users/KhulnaSoft/gitexc/node_modules/.pnpm/webpack@5.103.0/node_modules/webpack/lib/NormalModuleFactory.js:179:10\n' +
    '    at /Users/KhulnaSoft/gitexc/node_modules/.pnpm/webpack@5.103.0/node_modules/webpack/lib/NormalModuleFactory.js:887:25\n' +
    '    at /Users/KhulnaSoft/gitexc/node_modules/.pnpm/webpack@5.103.0/node_modules/webpack/lib/NormalModuleFactory.js:1116:8\n' +
    '    at /Users/KhulnaSoft/gitexc/node_modules/.pnpm/webpack@5.103.0/node_modules/webpack/lib/NormalModuleFactory.js:1245:5',
  compilerPath: undefined
}
{
  moduleIdentifier: 'javascript/esm|/Users/KhulnaSoft/gitexc/node_modules/.pnpm/@vuepress+plugin-theme-data@2.0.0-rc.7_typescript@5.9.3_vuepress@2.0.0-rc.7/node_modules/@vuepress/plugin-theme-data/lib/client/config.js',
  moduleName: '../../node_modules/.pnpm/@vuepress+plugin-theme-data@2.0.0-rc.7_typescript@5.9.3_vuepress@2.0.0-rc.7/node_modules/@vuepress/plugin-theme-data/lib/client/config.js',
  loc: '9:50-67',
  message: "export 'routeLocaleSymbol' (imported as 'routeLocaleSymbol') was not found in 'vuepress/client' (possible exports: ClientOnly, Content, RouteLink, clientDataSymbol, defineClientConfig, resolveRoute, resolveRoutePath, resolvers, updateHeadSymbol, useClientData, useLayouts, usePageComponent, usePageData, usePageFrontmatter, usePageHead, usePageLang, usePageLayout, useRedirects, useRoute, useRouteLocale, useRoutePath, useRouter, useRoutes, useSiteData, useSiteLocaleData, useUpdateHead, withBase)",
  moduleId: null,
  moduleTrace: [
    {
      originIdentifier: 'javascript/esm|/Users/KhulnaSoft/gitexc/docs/.vuepress/.temp/internal/clientConfigs.js',
      originName: './.temp/internal/clientConfigs.js',
      moduleIdentifier: 'javascript/esm|/Users/KhulnaSoft/gitexc/node_modules/.pnpm/@vuepress+plugin-theme-data@2.0.0-rc.7_typescript@5.9.3_vuepress@2.0.0-rc.7/node_modules/@vuepress/plugin-theme-data/lib/client/config.js',
      moduleName: '../../node_modules/.pnpm/@vuepress+plugin-theme-data@2.0.0-rc.7_typescript@5.9.3_vuepress@2.0.0-rc.7/node_modules/@vuepress/plugin-theme-data/lib/client/config.js',
      dependencies: [Array],
      originId: null,
      moduleId: null
    },
    {
      originIdentifier: 'javascript/esm|/Users/KhulnaSoft/gitexc/node_modules/.pnpm/@vuepress+client@2.0.0-rc.7_typescript@5.9.3/node_modules/@vuepress/client/dist/app.js',
      originName: '../../node_modules/.pnpm/@vuepress+client@2.0.0-rc.7_typescript@5.9.3/node_modules/@vuepress/client/dist/app.js',
      moduleIdentifier: 'javascript/esm|/Users/KhulnaSoft/gitexc/docs/.vuepress/.temp/internal/clientConfigs.js',
      moduleName: './.temp/internal/clientConfigs.js',
      dependencies: [Array],
      originId: null,
      moduleId: null
    }
  ],
  details: undefined,
  stack: '    at HarmonyImportSpecifierDependency.getLinkingErrors (/Users/KhulnaSoft/gitexc/node_modules/.pnpm/webpack@5.103.0/node_modules/webpack/lib/dependencies/HarmonyImportDependency.js:218:8)\n' +
    '    at HarmonyImportSpecifierDependency._getErrors (/Users/KhulnaSoft/gitexc/node_modules/.pnpm/webpack@5.103.0/node_modules/webpack/lib/dependencies/HarmonyImportSpecifierDependency.js:267:15)\n' +
    '    at HarmonyImportSpecifierDependency.getErrors (/Users/KhulnaSoft/gitexc/node_modules/.pnpm/webpack@5.103.0/node_modules/webpack/lib/dependencies/HarmonyImportSpecifierDependency.js:256:16)\n' +
    '    at Compilation.reportDependencyErrorsAndWarnings (/Users/KhulnaSoft/gitexc/node_modules/.pnpm/webpack@5.103.0/node_modules/webpack/lib/Compilation.js:3537:22)\n' +
    '    at /Users/KhulnaSoft/gitexc/node_modules/.pnpm/webpack@5.103.0/node_modules/webpack/lib/Compilation.js:3094:28\n' +
    '    at _next2 (eval at create (/Users/KhulnaSoft/gitexc/node_modules/.pnpm/tapable@2.3.0/node_modules/tapable/lib/HookCodeFactory.js:31:10), <anonymous>:34:1)\n' +
    '    at eval (eval at create (/Users/KhulnaSoft/gitexc/node_modules/.pnpm/tapable@2.3.0/node_modules/tapable/lib/HookCodeFactory.js:31:10), <anonymous>:62:1)\n' +
    '    at /Users/KhulnaSoft/gitexc/node_modules/.pnpm/webpack@5.103.0/node_modules/webpack/lib/FlagDependencyExportsPlugin.js:404:10\n' +
    '    at /Users/KhulnaSoft/gitexc/node_modules/.pnpm/neo-async@2.6.2/node_modules/neo-async/async.js:2830:7\n' +
    '    at Object.each (/Users/KhulnaSoft/gitexc/node_modules/.pnpm/neo-async@2.6.2/node_modules/neo-async/async.js:2850:39)\n' +
    '\n' +
    "ModuleDependencyError: export 'routeLocaleSymbol' (imported as 'routeLocaleSymbol') was not found in 'vuepress/client' (possible exports: ClientOnly, Content, RouteLink, clientDataSymbol, defineClientConfig, resolveRoute, resolveRoutePath, resolvers, updateHeadSymbol, useClientData, useLayouts, usePageComponent, usePageData, usePageFrontmatter, usePageHead, usePageLang, usePageLayout, useRedirects, useRoute, useRouteLocale, useRoutePath, useRouter, useRoutes, useSiteData, useSiteLocaleData, useUpdateHead, withBase)\n" +
    '    at Compilation.reportDependencyErrorsAndWarnings (/Users/KhulnaSoft/gitexc/node_modules/.pnpm/webpack@5.103.0/node_modules/webpack/lib/Compilation.js:3540:21)\n' +
    '    at /Users/KhulnaSoft/gitexc/node_modules/.pnpm/webpack@5.103.0/node_modules/webpack/lib/Compilation.js:3094:28\n' +
    '    at _next2 (eval at create (/Users/KhulnaSoft/gitexc/node_modules/.pnpm/tapable@2.3.0/node_modules/tapable/lib/HookCodeFactory.js:31:10), <anonymous>:34:1)\n' +
    '    at eval (eval at create (/Users/KhulnaSoft/gitexc/node_modules/.pnpm/tapable@2.3.0/node_modules/tapable/lib/HookCodeFactory.js:31:10), <anonymous>:62:1)\n' +
    '    at /Users/KhulnaSoft/gitexc/node_modules/.pnpm/webpack@5.103.0/node_modules/webpack/lib/FlagDependencyExportsPlugin.js:404:10\n' +
    '    at /Users/KhulnaSoft/gitexc/node_modules/.pnpm/neo-async@2.6.2/node_modules/neo-async/async.js:2830:7\n' +
    '    at Object.each (/Users/KhulnaSoft/gitexc/node_modules/.pnpm/neo-async@2.6.2/node_modules/neo-async/async.js:2850:39)\n' +
    '    at /Users/KhulnaSoft/gitexc/node_modules/.pnpm/webpack@5.103.0/node_modules/webpack/lib/FlagDependencyExportsPlugin.js:374:17\n' +
    '    at /Users/KhulnaSoft/gitexc/node_modules/.pnpm/neo-async@2.6.2/node_modules/neo-async/async.js:2830:7\n' +
    '    at done (/Users/KhulnaSoft/gitexc/node_modules/.pnpm/neo-async@2.6.2/node_modules/neo-async/async.js:2865:11)',
  compilerPath: undefined
}
✖ Compiling with webpack - failed in 1.77s
Error: Failed to compile with errors
    at file:///Users/KhulnaSoft/gitexc/node_modules/.pnpm/@vuepress+bundler-webpack@2.0.0-rc.7_typescript@5.9.3/node_modules/@vuepress/bundler-webpack/dist/index.js:794:18
    at /Users/KhulnaSoft/gitexc/node_modules/.pnpm/webpack@5.103.0/node_modules/webpack/lib/webpack.js:189:7
    at /Users/KhulnaSoft/gitexc/node_modules/.pnpm/webpack@5.103.0/node_modules/webpack/lib/MultiCompiler.js:670:5
    at /Users/KhulnaSoft/gitexc/node_modules/.pnpm/neo-async@2.6.2/node_modules/neo-async/async.js:2830:7
    at done (/Users/KhulnaSoft/gitexc/node_modules/.pnpm/neo-async@2.6.2/node_modules/neo-async/async.js:2865:11)
    at /Users/KhulnaSoft/gitexc/node_modules/.pnpm/neo-async@2.6.2/node_modules/neo-async/async.js:2818:7
    at /Users/KhulnaSoft/gitexc/node_modules/.pnpm/webpack@5.103.0/node_modules/webpack/lib/HookWebpackError.js:66:2
    at _done (eval at create (/Users/KhulnaSoft/gitexc/node_modules/.pnpm/tapable@2.3.0/node_modules/tapable/lib/HookCodeFactory.js:31:10), <anonymous>:9:1)
    at eval (eval at create (/Users/KhulnaSoft/gitexc/node_modules/.pnpm/tapable@2.3.0/node_modules/tapable/lib/HookCodeFactory.js:31:10), <anonymous>:34:22)
    at process.processTicksAndRejections (node:internal/process/task_queues:105:5)
 ELIFECYCLE  Command failed with exit code 1.
 ELIFECYCLE  Command failed with exit code 1.
